<?xml version="1.0" encoding="UTF-8"?>
<coverage generated="1741321057095" clover="3.2.0">
  <project timestamp="1741321057095" name="All files">
    <metrics statements="166" coveredstatements="50" conditionals="19" coveredconditionals="13" methods="10" coveredmethods="4" elements="195" coveredelements="67" complexity="0" loc="166" ncloc="166" packages="4" files="7" classes="7"/>
    <package name="quiz-front-poc">
      <metrics statements="63" coveredstatements="0" conditionals="2" coveredconditionals="0" methods="2" coveredmethods="0"/>
      <file name="postcss.config.js" path="/Users/serinuntius/src/github.com/noplan-inc/quiz-front-poc/postcss.config.js">
        <metrics statements="6" coveredstatements="0" conditionals="1" coveredconditionals="0" methods="1" coveredmethods="0"/>
        <line num="1" count="0" type="cond" truecount="0" falsecount="1"/>
        <line num="2" count="0" type="stmt"/>
        <line num="3" count="0" type="stmt"/>
        <line num="4" count="0" type="stmt"/>
        <line num="5" count="0" type="stmt"/>
        <line num="6" count="0" type="stmt"/>
      </file>
      <file name="tailwind.config.js" path="/Users/serinuntius/src/github.com/noplan-inc/quiz-front-poc/tailwind.config.js">
        <metrics statements="57" coveredstatements="0" conditionals="1" coveredconditionals="0" methods="1" coveredmethods="0"/>
        <line num="1" count="0" type="cond" truecount="0" falsecount="1"/>
        <line num="2" count="0" type="stmt"/>
        <line num="3" count="0" type="stmt"/>
        <line num="4" count="0" type="stmt"/>
        <line num="5" count="0" type="stmt"/>
        <line num="6" count="0" type="stmt"/>
        <line num="7" count="0" type="stmt"/>
        <line num="8" count="0" type="stmt"/>
        <line num="9" count="0" type="stmt"/>
        <line num="10" count="0" type="stmt"/>
        <line num="11" count="0" type="stmt"/>
        <line num="12" count="0" type="stmt"/>
        <line num="13" count="0" type="stmt"/>
        <line num="14" count="0" type="stmt"/>
        <line num="15" count="0" type="stmt"/>
        <line num="16" count="0" type="stmt"/>
        <line num="17" count="0" type="stmt"/>
        <line num="18" count="0" type="stmt"/>
        <line num="19" count="0" type="stmt"/>
        <line num="20" count="0" type="stmt"/>
        <line num="21" count="0" type="stmt"/>
        <line num="22" count="0" type="stmt"/>
        <line num="23" count="0" type="stmt"/>
        <line num="24" count="0" type="stmt"/>
        <line num="25" count="0" type="stmt"/>
        <line num="26" count="0" type="stmt"/>
        <line num="27" count="0" type="stmt"/>
        <line num="28" count="0" type="stmt"/>
        <line num="29" count="0" type="stmt"/>
        <line num="30" count="0" type="stmt"/>
        <line num="31" count="0" type="stmt"/>
        <line num="32" count="0" type="stmt"/>
        <line num="33" count="0" type="stmt"/>
        <line num="34" count="0" type="stmt"/>
        <line num="35" count="0" type="stmt"/>
        <line num="36" count="0" type="stmt"/>
        <line num="37" count="0" type="stmt"/>
        <line num="38" count="0" type="stmt"/>
        <line num="39" count="0" type="stmt"/>
        <line num="40" count="0" type="stmt"/>
        <line num="41" count="0" type="stmt"/>
        <line num="42" count="0" type="stmt"/>
        <line num="43" count="0" type="stmt"/>
        <line num="44" count="0" type="stmt"/>
        <line num="45" count="0" type="stmt"/>
        <line num="46" count="0" type="stmt"/>
        <line num="47" count="0" type="stmt"/>
        <line num="48" count="0" type="stmt"/>
        <line num="49" count="0" type="stmt"/>
        <line num="50" count="0" type="stmt"/>
        <line num="51" count="0" type="stmt"/>
        <line num="52" count="0" type="stmt"/>
        <line num="53" count="0" type="stmt"/>
        <line num="54" count="0" type="stmt"/>
        <line num="55" count="0" type="stmt"/>
        <line num="56" count="0" type="stmt"/>
        <line num="57" count="0" type="stmt"/>
      </file>
    </package>
    <package name="quiz-front-poc.src">
      <metrics statements="39" coveredstatements="0" conditionals="2" coveredconditionals="0" methods="2" coveredmethods="0"/>
      <file name="App.tsx" path="/Users/serinuntius/src/github.com/noplan-inc/quiz-front-poc/src/App.tsx">
        <metrics statements="30" coveredstatements="0" conditionals="1" coveredconditionals="0" methods="1" coveredmethods="0"/>
        <line num="1" count="0" type="cond" truecount="0" falsecount="1"/>
        <line num="2" count="0" type="stmt"/>
        <line num="3" count="0" type="stmt"/>
        <line num="4" count="0" type="stmt"/>
        <line num="6" count="0" type="stmt"/>
        <line num="7" count="0" type="stmt"/>
        <line num="9" count="0" type="stmt"/>
        <line num="10" count="0" type="stmt"/>
        <line num="11" count="0" type="stmt"/>
        <line num="12" count="0" type="stmt"/>
        <line num="13" count="0" type="stmt"/>
        <line num="14" count="0" type="stmt"/>
        <line num="15" count="0" type="stmt"/>
        <line num="16" count="0" type="stmt"/>
        <line num="17" count="0" type="stmt"/>
        <line num="18" count="0" type="stmt"/>
        <line num="19" count="0" type="stmt"/>
        <line num="20" count="0" type="stmt"/>
        <line num="21" count="0" type="stmt"/>
        <line num="22" count="0" type="stmt"/>
        <line num="23" count="0" type="stmt"/>
        <line num="24" count="0" type="stmt"/>
        <line num="25" count="0" type="stmt"/>
        <line num="26" count="0" type="stmt"/>
        <line num="27" count="0" type="stmt"/>
        <line num="28" count="0" type="stmt"/>
        <line num="30" count="0" type="stmt"/>
        <line num="31" count="0" type="stmt"/>
        <line num="33" count="0" type="stmt"/>
        <line num="35" count="0" type="stmt"/>
      </file>
      <file name="main.tsx" path="/Users/serinuntius/src/github.com/noplan-inc/quiz-front-poc/src/main.tsx">
        <metrics statements="9" coveredstatements="0" conditionals="1" coveredconditionals="0" methods="1" coveredmethods="0"/>
        <line num="1" count="0" type="cond" truecount="0" falsecount="1"/>
        <line num="2" count="0" type="stmt"/>
        <line num="3" count="0" type="stmt"/>
        <line num="4" count="0" type="stmt"/>
        <line num="6" count="0" type="stmt"/>
        <line num="7" count="0" type="stmt"/>
        <line num="8" count="0" type="stmt"/>
        <line num="9" count="0" type="stmt"/>
        <line num="10" count="0" type="stmt"/>
      </file>
    </package>
    <package name="quiz-front-poc.src.components">
      <metrics statements="59" coveredstatements="50" conditionals="14" coveredconditionals="13" methods="5" coveredmethods="4"/>
      <file name="Sum.tsx" path="/Users/serinuntius/src/github.com/noplan-inc/quiz-front-poc/src/components/Sum.tsx">
        <metrics statements="12" coveredstatements="12" conditionals="2" coveredconditionals="2" methods="2" coveredmethods="2"/>
        <line num="6" count="1" type="cond" truecount="1" falsecount="0"/>
        <line num="7" count="4" type="stmt"/>
        <line num="8" count="4" type="stmt"/>
        <line num="10" count="1" type="cond" truecount="1" falsecount="0"/>
        <line num="11" count="1" type="stmt"/>
        <line num="12" count="1" type="stmt"/>
        <line num="13" count="1" type="stmt"/>
        <line num="14" count="1" type="stmt"/>
        <line num="15" count="1" type="stmt"/>
        <line num="16" count="1" type="stmt"/>
        <line num="17" count="1" type="stmt"/>
        <line num="19" count="1" type="stmt"/>
      </file>
      <file name="UserInfo.tsx" path="/Users/serinuntius/src/github.com/noplan-inc/quiz-front-poc/src/components/UserInfo.tsx">
        <metrics statements="47" coveredstatements="38" conditionals="12" coveredconditionals="11" methods="3" coveredmethods="2"/>
        <line num="1" count="1" type="stmt"/>
        <line num="15" count="1" type="stmt"/>
        <line num="16" count="0" type="stmt"/>
        <line num="17" count="0" type="stmt"/>
        <line num="18" count="0" type="stmt"/>
        <line num="19" count="0" type="stmt"/>
        <line num="20" count="0" type="stmt"/>
        <line num="21" count="0" type="stmt"/>
        <line num="22" count="0" type="stmt"/>
        <line num="23" count="0" type="stmt"/>
        <line num="25" count="9" type="cond" truecount="1" falsecount="0"/>
        <line num="26" count="9" type="stmt"/>
        <line num="27" count="9" type="stmt"/>
        <line num="28" count="9" type="stmt"/>
        <line num="29" count="9" type="stmt"/>
        <line num="30" count="9" type="stmt"/>
        <line num="31" count="9" type="stmt"/>
        <line num="33" count="9" type="cond" truecount="1" falsecount="0"/>
        <line num="34" count="3" type="cond" truecount="1" falsecount="0"/>
        <line num="35" count="3" type="stmt"/>
        <line num="36" count="3" type="stmt"/>
        <line num="37" count="3" type="stmt"/>
        <line num="38" count="3" type="cond" truecount="1" falsecount="0"/>
        <line num="39" count="2" type="stmt"/>
        <line num="40" count="3" type="cond" truecount="1" falsecount="0"/>
        <line num="41" count="1" type="stmt"/>
        <line num="42" count="1" type="stmt"/>
        <line num="43" count="1" type="cond" truecount="0" falsecount="1"/>
        <line num="44" count="0" type="stmt"/>
        <line num="45" count="1" type="stmt"/>
        <line num="46" count="1" type="stmt"/>
        <line num="47" count="3" type="stmt"/>
        <line num="48" count="3" type="stmt"/>
        <line num="49" count="3" type="stmt"/>
        <line num="50" count="3" type="stmt"/>
        <line num="52" count="3" type="stmt"/>
        <line num="53" count="9" type="stmt"/>
        <line num="55" count="9" type="cond" truecount="2" falsecount="0"/>
        <line num="56" count="9" type="cond" truecount="2" falsecount="0"/>
        <line num="57" count="9" type="cond" truecount="2" falsecount="0"/>
        <line num="59" count="2" type="stmt"/>
        <line num="60" count="2" type="stmt"/>
        <line num="61" count="2" type="stmt"/>
        <line num="62" count="2" type="stmt"/>
        <line num="63" count="2" type="stmt"/>
        <line num="64" count="2" type="stmt"/>
        <line num="66" count="2" type="stmt"/>
      </file>
    </package>
    <package name="quiz-front-poc.src.lib">
      <metrics statements="5" coveredstatements="0" conditionals="1" coveredconditionals="0" methods="1" coveredmethods="0"/>
      <file name="utils.ts" path="/Users/serinuntius/src/github.com/noplan-inc/quiz-front-poc/src/lib/utils.ts">
        <metrics statements="5" coveredstatements="0" conditionals="1" coveredconditionals="0" methods="1" coveredmethods="0"/>
        <line num="1" count="0" type="cond" truecount="0" falsecount="1"/>
        <line num="2" count="0" type="stmt"/>
        <line num="4" count="0" type="stmt"/>
        <line num="5" count="0" type="stmt"/>
        <line num="6" count="0" type="stmt"/>
      </file>
    </package>
  </project>
</coverage>
