{"/Users/serinuntius/src/github.com/noplan-inc/quiz-front-poc/src/components/QuizApp.tsx": {"path":"/Users/serinuntius/src/github.com/noplan-inc/quiz-front-poc/src/components/QuizApp.tsx","all":false,"statementMap":{"0":{"start":{"line":1,"column":0},"end":{"line":1,"column":54}},"2":{"start":{"line":3,"column":0},"end":{"line":3,"column":33}},"3":{"start":{"line":4,"column":0},"end":{"line":4,"column":42}},"4":{"start":{"line":5,"column":0},"end":{"line":5,"column":46}},"6":{"start":{"line":7,"column":0},"end":{"line":7,"column":33}},"7":{"start":{"line":8,"column":0},"end":{"line":8,"column":59}},"8":{"start":{"line":9,"column":0},"end":{"line":9,"column":58}},"10":{"start":{"line":11,"column":0},"end":{"line":11,"column":38}},"11":{"start":{"line":12,"column":0},"end":{"line":12,"column":29}},"12":{"start":{"line":13,"column":0},"end":{"line":13,"column":6}},"14":{"start":{"line":15,"column":0},"end":{"line":15,"column":33}},"15":{"start":{"line":16,"column":0},"end":{"line":16,"column":30}},"16":{"start":{"line":17,"column":0},"end":{"line":17,"column":6}},"18":{"start":{"line":19,"column":0},"end":{"line":19,"column":12}},"19":{"start":{"line":20,"column":0},"end":{"line":20,"column":49}},"20":{"start":{"line":21,"column":0},"end":{"line":21,"column":29}},"21":{"start":{"line":22,"column":0},"end":{"line":22,"column":31}},"22":{"start":{"line":23,"column":0},"end":{"line":23,"column":37}},"23":{"start":{"line":24,"column":0},"end":{"line":24,"column":51}},"24":{"start":{"line":25,"column":0},"end":{"line":25,"column":18}},"26":{"start":{"line":27,"column":0},"end":{"line":27,"column":58}},"28":{"start":{"line":29,"column":0},"end":{"line":29,"column":14}},"30":{"start":{"line":31,"column":0},"end":{"line":31,"column":2}},"32":{"start":{"line":33,"column":0},"end":{"line":33,"column":23}}},"s":{"0":1,"2":1,"3":1,"4":1,"6":1,"7":6,"8":6,"10":6,"11":2,"12":2,"14":6,"15":1,"16":1,"18":6,"19":6,"20":6,"21":4,"22":4,"23":4,"24":4,"26":2,"28":6,"30":6,"32":1},"branchMap":{"0":{"type":"branch","line":7,"loc":{"start":{"line":7,"column":26},"end":{"line":31,"column":2}},"locations":[{"start":{"line":7,"column":26},"end":{"line":31,"column":2}}]},"1":{"type":"branch","line":21,"loc":{"start":{"line":21,"column":14},"end":{"line":25,"column":18}},"locations":[{"start":{"line":21,"column":14},"end":{"line":25,"column":18}}]},"2":{"type":"branch","line":25,"loc":{"start":{"line":25,"column":16},"end":{"line":27,"column":58}},"locations":[{"start":{"line":25,"column":16},"end":{"line":27,"column":58}}]},"3":{"type":"branch","line":11,"loc":{"start":{"line":11,"column":31},"end":{"line":13,"column":6}},"locations":[{"start":{"line":11,"column":31},"end":{"line":13,"column":6}}]},"4":{"type":"branch","line":15,"loc":{"start":{"line":15,"column":26},"end":{"line":17,"column":6}},"locations":[{"start":{"line":15,"column":26},"end":{"line":17,"column":6}}]}},"b":{"0":[6],"1":[4],"2":[2],"3":[2],"4":[1]},"fnMap":{"0":{"name":"QuizApp","decl":{"start":{"line":7,"column":26},"end":{"line":31,"column":2}},"loc":{"start":{"line":7,"column":26},"end":{"line":31,"column":2}},"line":7},"1":{"name":"handleQuizComplete","decl":{"start":{"line":11,"column":31},"end":{"line":13,"column":6}},"loc":{"start":{"line":11,"column":31},"end":{"line":13,"column":6}},"line":11},"2":{"name":"handleRestart","decl":{"start":{"line":15,"column":26},"end":{"line":17,"column":6}},"loc":{"start":{"line":15,"column":26},"end":{"line":17,"column":6}},"line":15}},"f":{"0":6,"1":2,"2":1}}
,"/Users/serinuntius/src/github.com/noplan-inc/quiz-front-poc/src/components/QuizComplete.tsx": {"path":"/Users/serinuntius/src/github.com/noplan-inc/quiz-front-poc/src/components/QuizComplete.tsx","all":false,"statementMap":{"0":{"start":{"line":1,"column":0},"end":{"line":1,"column":39}},"6":{"start":{"line":7,"column":0},"end":{"line":7,"column":70}},"7":{"start":{"line":8,"column":0},"end":{"line":8,"column":12}},"8":{"start":{"line":9,"column":0},"end":{"line":9,"column":19}},"9":{"start":{"line":10,"column":0},"end":{"line":10,"column":43}},"10":{"start":{"line":11,"column":0},"end":{"line":11,"column":42}},"11":{"start":{"line":12,"column":0},"end":{"line":12,"column":42}},"12":{"start":{"line":13,"column":0},"end":{"line":13,"column":80}},"14":{"start":{"line":15,"column":0},"end":{"line":15,"column":84}},"15":{"start":{"line":16,"column":0},"end":{"line":16,"column":67}},"16":{"start":{"line":17,"column":0},"end":{"line":17,"column":50}},"18":{"start":{"line":19,"column":0},"end":{"line":19,"column":20}},"20":{"start":{"line":21,"column":0},"end":{"line":21,"column":31}},"21":{"start":{"line":22,"column":0},"end":{"line":22,"column":27}},"22":{"start":{"line":23,"column":0},"end":{"line":23,"column":43}},"23":{"start":{"line":24,"column":0},"end":{"line":24,"column":142}},"24":{"start":{"line":25,"column":0},"end":{"line":25,"column":37}},"25":{"start":{"line":26,"column":0},"end":{"line":26,"column":21}},"27":{"start":{"line":28,"column":0},"end":{"line":28,"column":29}},"29":{"start":{"line":30,"column":0},"end":{"line":30,"column":18}},"30":{"start":{"line":31,"column":0},"end":{"line":31,"column":21}},"32":{"start":{"line":33,"column":0},"end":{"line":33,"column":2}},"34":{"start":{"line":35,"column":0},"end":{"line":35,"column":28}}},"s":{"0":1,"6":1,"7":4,"8":4,"9":4,"10":4,"11":4,"12":4,"14":4,"15":4,"16":4,"18":4,"20":4,"21":2,"22":2,"23":2,"24":2,"25":2,"27":2,"29":4,"30":4,"32":4,"34":1},"branchMap":{"0":{"type":"branch","line":7,"loc":{"start":{"line":7,"column":50},"end":{"line":33,"column":2}},"locations":[{"start":{"line":7,"column":50},"end":{"line":33,"column":2}}]},"1":{"type":"branch","line":21,"loc":{"start":{"line":21,"column":17},"end":{"line":28,"column":29}},"locations":[{"start":{"line":21,"column":17},"end":{"line":28,"column":29}}]}},"b":{"0":[4],"1":[2]},"fnMap":{"0":{"name":"QuizComplete","decl":{"start":{"line":7,"column":50},"end":{"line":33,"column":2}},"loc":{"start":{"line":7,"column":50},"end":{"line":33,"column":2}},"line":7}},"f":{"0":4}}
,"/Users/serinuntius/src/github.com/noplan-inc/quiz-front-poc/src/components/QuizDemo.tsx": {"path":"/Users/serinuntius/src/github.com/noplan-inc/quiz-front-poc/src/components/QuizDemo.tsx","all":true,"statementMap":{"0":{"start":{"line":1,"column":0},"end":{"line":1,"column":54}},"1":{"start":{"line":2,"column":0},"end":{"line":2,"column":33}},"2":{"start":{"line":3,"column":0},"end":{"line":3,"column":34}},"4":{"start":{"line":5,"column":0},"end":{"line":5,"column":24}},"5":{"start":{"line":6,"column":0},"end":{"line":6,"column":72}},"7":{"start":{"line":8,"column":0},"end":{"line":8,"column":64}},"8":{"start":{"line":9,"column":0},"end":{"line":9,"column":39}},"9":{"start":{"line":10,"column":0},"end":{"line":10,"column":20}},"10":{"start":{"line":11,"column":0},"end":{"line":11,"column":31}},"11":{"start":{"line":12,"column":0},"end":{"line":12,"column":12}},"12":{"start":{"line":13,"column":0},"end":{"line":13,"column":6}},"14":{"start":{"line":15,"column":0},"end":{"line":15,"column":12}},"15":{"start":{"line":16,"column":0},"end":{"line":16,"column":53}},"16":{"start":{"line":17,"column":0},"end":{"line":17,"column":64}},"18":{"start":{"line":19,"column":0},"end":{"line":19,"column":17}},"20":{"start":{"line":21,"column":0},"end":{"line":21,"column":39}},"21":{"start":{"line":22,"column":0},"end":{"line":22,"column":46}},"22":{"start":{"line":23,"column":0},"end":{"line":23,"column":61}},"23":{"start":{"line":24,"column":0},"end":{"line":24,"column":33}},"24":{"start":{"line":25,"column":0},"end":{"line":25,"column":37}},"25":{"start":{"line":26,"column":0},"end":{"line":26,"column":51}},"26":{"start":{"line":27,"column":0},"end":{"line":27,"column":63}},"28":{"start":{"line":29,"column":0},"end":{"line":29,"column":26}},"29":{"start":{"line":30,"column":0},"end":{"line":30,"column":26}},"30":{"start":{"line":31,"column":0},"end":{"line":31,"column":19}},"31":{"start":{"line":32,"column":0},"end":{"line":32,"column":18}},"32":{"start":{"line":33,"column":0},"end":{"line":33,"column":14}},"34":{"start":{"line":35,"column":0},"end":{"line":35,"column":2}},"36":{"start":{"line":37,"column":0},"end":{"line":37,"column":24}}},"s":{"0":0,"1":0,"2":0,"4":0,"5":0,"7":0,"8":0,"9":0,"10":0,"11":0,"12":0,"14":0,"15":0,"16":0,"18":0,"20":0,"21":0,"22":0,"23":0,"24":0,"25":0,"26":0,"28":0,"29":0,"30":0,"31":0,"32":0,"34":0,"36":0},"branchMap":{"0":{"type":"branch","line":1,"loc":{"start":{"line":1,"column":482},"end":{"line":37,"column":-580}},"locations":[{"start":{"line":1,"column":482},"end":{"line":37,"column":-580}}]}},"b":{"0":[0]},"fnMap":{"0":{"name":"(empty-report)","decl":{"start":{"line":1,"column":482},"end":{"line":37,"column":-580}},"loc":{"start":{"line":1,"column":482},"end":{"line":37,"column":-580}},"line":1}},"f":{"0":0}}
,"/Users/serinuntius/src/github.com/noplan-inc/quiz-front-poc/src/components/SingleQuizView.tsx": {"path":"/Users/serinuntius/src/github.com/noplan-inc/quiz-front-poc/src/components/SingleQuizView.tsx","all":false,"statementMap":{"1":{"start":{"line":2,"column":0},"end":{"line":2,"column":56}},"2":{"start":{"line":3,"column":0},"end":{"line":3,"column":33}},"3":{"start":{"line":4,"column":0},"end":{"line":4,"column":34}},"10":{"start":{"line":11,"column":0},"end":{"line":11,"column":56}},"11":{"start":{"line":12,"column":0},"end":{"line":12,"column":12}},"12":{"start":{"line":13,"column":0},"end":{"line":13,"column":15}},"13":{"start":{"line":14,"column":0},"end":{"line":14,"column":7}},"14":{"start":{"line":15,"column":0},"end":{"line":15,"column":64}},"15":{"start":{"line":16,"column":0},"end":{"line":16,"column":74}},"16":{"start":{"line":17,"column":0},"end":{"line":17,"column":53}},"19":{"start":{"line":20,"column":0},"end":{"line":20,"column":50}},"22":{"start":{"line":23,"column":0},"end":{"line":23,"column":32}},"23":{"start":{"line":24,"column":0},"end":{"line":24,"column":52}},"24":{"start":{"line":25,"column":0},"end":{"line":25,"column":28}},"25":{"start":{"line":26,"column":0},"end":{"line":26,"column":30}},"26":{"start":{"line":27,"column":0},"end":{"line":27,"column":58}},"27":{"start":{"line":28,"column":0},"end":{"line":28,"column":35}},"28":{"start":{"line":29,"column":0},"end":{"line":29,"column":20}},"29":{"start":{"line":30,"column":0},"end":{"line":30,"column":16}},"31":{"start":{"line":32,"column":0},"end":{"line":32,"column":29}},"32":{"start":{"line":33,"column":0},"end":{"line":33,"column":29}},"33":{"start":{"line":34,"column":0},"end":{"line":34,"column":13}},"34":{"start":{"line":35,"column":0},"end":{"line":35,"column":9}},"35":{"start":{"line":36,"column":0},"end":{"line":36,"column":6}},"38":{"start":{"line":39,"column":0},"end":{"line":39,"column":60}},"39":{"start":{"line":40,"column":0},"end":{"line":40,"column":26}},"42":{"start":{"line":43,"column":0},"end":{"line":43,"column":26}},"43":{"start":{"line":44,"column":0},"end":{"line":44,"column":27}},"44":{"start":{"line":45,"column":0},"end":{"line":45,"column":17}},"45":{"start":{"line":46,"column":0},"end":{"line":46,"column":6}},"48":{"start":{"line":49,"column":0},"end":{"line":49,"column":22}},"49":{"start":{"line":50,"column":0},"end":{"line":50,"column":40}},"50":{"start":{"line":51,"column":0},"end":{"line":51,"column":44}},"51":{"start":{"line":52,"column":0},"end":{"line":52,"column":23}},"52":{"start":{"line":53,"column":0},"end":{"line":53,"column":11}},"53":{"start":{"line":54,"column":0},"end":{"line":54,"column":17}},"54":{"start":{"line":55,"column":0},"end":{"line":55,"column":17}},"55":{"start":{"line":56,"column":0},"end":{"line":56,"column":23}},"56":{"start":{"line":57,"column":0},"end":{"line":57,"column":10}},"57":{"start":{"line":58,"column":0},"end":{"line":58,"column":39}},"58":{"start":{"line":59,"column":0},"end":{"line":59,"column":44}},"59":{"start":{"line":60,"column":0},"end":{"line":60,"column":23}},"60":{"start":{"line":61,"column":0},"end":{"line":61,"column":11}},"61":{"start":{"line":62,"column":0},"end":{"line":62,"column":6}},"63":{"start":{"line":64,"column":0},"end":{"line":64,"column":12}},"64":{"start":{"line":65,"column":0},"end":{"line":65,"column":82}},"65":{"start":{"line":66,"column":0},"end":{"line":66,"column":54}},"67":{"start":{"line":68,"column":0},"end":{"line":68,"column":43}},"68":{"start":{"line":69,"column":0},"end":{"line":69,"column":71}},"69":{"start":{"line":70,"column":0},"end":{"line":70,"column":62}},"70":{"start":{"line":71,"column":0},"end":{"line":71,"column":70}},"71":{"start":{"line":72,"column":0},"end":{"line":72,"column":31}},"72":{"start":{"line":73,"column":0},"end":{"line":73,"column":84}},"73":{"start":{"line":74,"column":0},"end":{"line":74,"column":32}},"74":{"start":{"line":75,"column":0},"end":{"line":75,"column":102}},"75":{"start":{"line":76,"column":0},"end":{"line":76,"column":40}},"76":{"start":{"line":77,"column":0},"end":{"line":77,"column":46}},"77":{"start":{"line":78,"column":0},"end":{"line":78,"column":65}},"78":{"start":{"line":79,"column":0},"end":{"line":79,"column":61}},"79":{"start":{"line":80,"column":0},"end":{"line":80,"column":43}},"80":{"start":{"line":81,"column":0},"end":{"line":81,"column":40}},"81":{"start":{"line":82,"column":0},"end":{"line":82,"column":34}},"82":{"start":{"line":83,"column":0},"end":{"line":83,"column":30}},"83":{"start":{"line":84,"column":0},"end":{"line":84,"column":30}},"84":{"start":{"line":85,"column":0},"end":{"line":85,"column":26}},"85":{"start":{"line":86,"column":0},"end":{"line":86,"column":22}},"88":{"start":{"line":89,"column":0},"end":{"line":89,"column":84}},"89":{"start":{"line":90,"column":0},"end":{"line":90,"column":68}},"90":{"start":{"line":91,"column":0},"end":{"line":91,"column":35}},"91":{"start":{"line":92,"column":0},"end":{"line":92,"column":50}},"92":{"start":{"line":93,"column":0},"end":{"line":93,"column":46}},"93":{"start":{"line":94,"column":0},"end":{"line":94,"column":47}},"94":{"start":{"line":95,"column":0},"end":{"line":95,"column":43}},"95":{"start":{"line":96,"column":0},"end":{"line":96,"column":44}},"96":{"start":{"line":97,"column":0},"end":{"line":97,"column":39}},"97":{"start":{"line":98,"column":0},"end":{"line":98,"column":41}},"98":{"start":{"line":99,"column":0},"end":{"line":99,"column":36}},"99":{"start":{"line":100,"column":0},"end":{"line":100,"column":51}},"100":{"start":{"line":101,"column":0},"end":{"line":101,"column":51}},"101":{"start":{"line":102,"column":0},"end":{"line":102,"column":48}},"102":{"start":{"line":103,"column":0},"end":{"line":103,"column":34}},"103":{"start":{"line":104,"column":0},"end":{"line":104,"column":59}},"104":{"start":{"line":105,"column":0},"end":{"line":105,"column":30}},"105":{"start":{"line":106,"column":0},"end":{"line":106,"column":60}},"107":{"start":{"line":108,"column":0},"end":{"line":108,"column":37}},"108":{"start":{"line":109,"column":0},"end":{"line":109,"column":48}},"109":{"start":{"line":110,"column":0},"end":{"line":110,"column":55}},"110":{"start":{"line":111,"column":0},"end":{"line":111,"column":30}},"111":{"start":{"line":112,"column":0},"end":{"line":112,"column":37}},"112":{"start":{"line":113,"column":0},"end":{"line":113,"column":38}},"113":{"start":{"line":114,"column":0},"end":{"line":114,"column":22}},"114":{"start":{"line":115,"column":0},"end":{"line":115,"column":18}},"115":{"start":{"line":116,"column":0},"end":{"line":116,"column":14}},"117":{"start":{"line":118,"column":0},"end":{"line":118,"column":2}},"119":{"start":{"line":120,"column":0},"end":{"line":120,"column":30}}},"s":{"1":1,"2":1,"3":1,"10":1,"11":10,"12":10,"13":10,"14":10,"15":10,"16":10,"19":10,"22":10,"23":3,"24":2,"25":2,"26":2,"27":2,"28":2,"29":3,"31":1,"32":1,"33":1,"34":1,"35":3,"38":10,"39":3,"42":3,"43":3,"44":3,"45":3,"48":10,"49":10,"50":0,"51":0,"52":0,"53":10,"54":10,"55":10,"56":10,"57":10,"58":0,"59":0,"60":0,"61":10,"63":10,"64":10,"65":10,"67":10,"68":10,"69":10,"70":10,"71":10,"72":10,"73":10,"74":10,"75":10,"76":10,"77":10,"78":10,"79":10,"80":10,"81":10,"82":10,"83":10,"84":10,"85":10,"88":10,"89":10,"90":10,"91":10,"92":10,"93":10,"94":10,"95":10,"96":10,"97":10,"98":10,"99":10,"100":10,"101":10,"102":10,"103":10,"104":10,"105":10,"107":10,"108":10,"109":10,"110":10,"111":10,"112":10,"113":10,"114":10,"115":10,"117":10,"119":1},"branchMap":{"0":{"type":"branch","line":11,"loc":{"start":{"line":11,"column":54},"end":{"line":118,"column":2}},"locations":[{"start":{"line":11,"column":54},"end":{"line":118,"column":2}}]},"1":{"type":"branch","line":23,"loc":{"start":{"line":23,"column":25},"end":{"line":36,"column":6}},"locations":[{"start":{"line":23,"column":25},"end":{"line":36,"column":6}}]},"2":{"type":"branch","line":24,"loc":{"start":{"line":24,"column":51},"end":{"line":30,"column":15}},"locations":[{"start":{"line":24,"column":51},"end":{"line":30,"column":15}}]},"3":{"type":"branch","line":30,"loc":{"start":{"line":30,"column":8},"end":{"line":35,"column":9}},"locations":[{"start":{"line":30,"column":8},"end":{"line":35,"column":9}}]},"4":{"type":"branch","line":26,"loc":{"start":{"line":26,"column":23},"end":{"line":29,"column":15}},"locations":[{"start":{"line":26,"column":23},"end":{"line":29,"column":15}}]},"5":{"type":"branch","line":39,"loc":{"start":{"line":39,"column":25},"end":{"line":46,"column":6}},"locations":[{"start":{"line":39,"column":25},"end":{"line":46,"column":6}}]},"6":{"type":"branch","line":43,"loc":{"start":{"line":43,"column":19},"end":{"line":45,"column":11}},"locations":[{"start":{"line":43,"column":19},"end":{"line":45,"column":11}}]}},"b":{"0":[10],"1":[3],"2":[2],"3":[1],"4":[2],"5":[3],"6":[3]},"fnMap":{"0":{"name":"SingleQuizView","decl":{"start":{"line":11,"column":54},"end":{"line":118,"column":2}},"loc":{"start":{"line":11,"column":54},"end":{"line":118,"column":2}},"line":11},"1":{"name":"goToNextQuiz","decl":{"start":{"line":23,"column":25},"end":{"line":36,"column":6}},"loc":{"start":{"line":23,"column":25},"end":{"line":36,"column":6}},"line":23},"2":{"name":"handleAnswer","decl":{"start":{"line":39,"column":25},"end":{"line":46,"column":6}},"loc":{"start":{"line":39,"column":25},"end":{"line":46,"column":6}},"line":39},"3":{"name":"enter","decl":{"start":{"line":50,"column":15},"end":{"line":53,"column":11}},"loc":{"start":{"line":50,"column":15},"end":{"line":53,"column":11}},"line":50},"4":{"name":"exit","decl":{"start":{"line":58,"column":14},"end":{"line":61,"column":11}},"loc":{"start":{"line":58,"column":14},"end":{"line":61,"column":11}},"line":58}},"f":{"0":10,"1":3,"2":3,"3":0,"4":0}}
,"/Users/serinuntius/src/github.com/noplan-inc/quiz-front-poc/src/components/quiz/AudioQuiz.tsx": {"path":"/Users/serinuntius/src/github.com/noplan-inc/quiz-front-poc/src/components/quiz/AudioQuiz.tsx","all":false,"statementMap":{"1":{"start":{"line":2,"column":0},"end":{"line":2,"column":61}},"10":{"start":{"line":11,"column":0},"end":{"line":11,"column":55}},"11":{"start":{"line":12,"column":0},"end":{"line":12,"column":13}},"12":{"start":{"line":13,"column":0},"end":{"line":13,"column":12}},"13":{"start":{"line":14,"column":0},"end":{"line":14,"column":13}},"14":{"start":{"line":15,"column":0},"end":{"line":15,"column":21}},"15":{"start":{"line":16,"column":0},"end":{"line":16,"column":15}},"16":{"start":{"line":17,"column":0},"end":{"line":17,"column":20}},"17":{"start":{"line":18,"column":0},"end":{"line":18,"column":19}},"18":{"start":{"line":19,"column":0},"end":{"line":19,"column":7}},"19":{"start":{"line":20,"column":0},"end":{"line":20,"column":12}},"20":{"start":{"line":21,"column":0},"end":{"line":21,"column":109}},"21":{"start":{"line":22,"column":0},"end":{"line":22,"column":15}},"22":{"start":{"line":23,"column":0},"end":{"line":23,"column":81}},"23":{"start":{"line":24,"column":0},"end":{"line":24,"column":43}},"25":{"start":{"line":26,"column":0},"end":{"line":26,"column":26}},"26":{"start":{"line":27,"column":0},"end":{"line":27,"column":17}},"28":{"start":{"line":29,"column":0},"end":{"line":29,"column":48}},"29":{"start":{"line":30,"column":0},"end":{"line":30,"column":22}},"30":{"start":{"line":31,"column":0},"end":{"line":31,"column":34}},"31":{"start":{"line":32,"column":0},"end":{"line":32,"column":28}},"32":{"start":{"line":33,"column":0},"end":{"line":33,"column":38}},"33":{"start":{"line":34,"column":0},"end":{"line":34,"column":48}},"35":{"start":{"line":36,"column":0},"end":{"line":36,"column":64}},"37":{"start":{"line":38,"column":0},"end":{"line":38,"column":24}},"38":{"start":{"line":39,"column":0},"end":{"line":39,"column":18}},"40":{"start":{"line":41,"column":0},"end":{"line":41,"column":58}},"41":{"start":{"line":42,"column":0},"end":{"line":42,"column":27}},"42":{"start":{"line":43,"column":0},"end":{"line":43,"column":37}},"43":{"start":{"line":44,"column":0},"end":{"line":44,"column":55}},"44":{"start":{"line":45,"column":0},"end":{"line":45,"column":43}},"45":{"start":{"line":46,"column":0},"end":{"line":46,"column":53}},"46":{"start":{"line":47,"column":0},"end":{"line":47,"column":51}},"47":{"start":{"line":48,"column":0},"end":{"line":48,"column":18}},"48":{"start":{"line":49,"column":0},"end":{"line":49,"column":18}},"49":{"start":{"line":50,"column":0},"end":{"line":50,"column":14}},"51":{"start":{"line":52,"column":0},"end":{"line":52,"column":2}},"53":{"start":{"line":54,"column":0},"end":{"line":54,"column":25}}},"s":{"1":1,"10":1,"11":1,"12":1,"13":1,"14":1,"15":1,"16":1,"17":1,"18":1,"19":1,"20":1,"21":1,"22":1,"23":1,"25":1,"26":1,"28":1,"29":1,"30":1,"31":1,"32":1,"33":1,"35":1,"37":1,"38":1,"40":1,"41":1,"42":1,"43":1,"44":1,"45":1,"46":1,"47":1,"48":1,"49":1,"51":1,"53":1},"branchMap":{"0":{"type":"branch","line":11,"loc":{"start":{"line":11,"column":53},"end":{"line":52,"column":2}},"locations":[{"start":{"line":11,"column":53},"end":{"line":52,"column":2}}]}},"b":{"0":[1]},"fnMap":{"0":{"name":"AudioQuiz","decl":{"start":{"line":11,"column":53},"end":{"line":52,"column":2}},"loc":{"start":{"line":11,"column":53},"end":{"line":52,"column":2}},"line":11}},"f":{"0":1}}
,"/Users/serinuntius/src/github.com/noplan-inc/quiz-front-poc/src/components/quiz/ChoiceList.tsx": {"path":"/Users/serinuntius/src/github.com/noplan-inc/quiz-front-poc/src/components/quiz/ChoiceList.tsx","all":false,"statementMap":{"12":{"start":{"line":13,"column":0},"end":{"line":13,"column":48}},"13":{"start":{"line":14,"column":0},"end":{"line":14,"column":12}},"14":{"start":{"line":15,"column":0},"end":{"line":15,"column":21}},"15":{"start":{"line":16,"column":0},"end":{"line":16,"column":15}},"16":{"start":{"line":17,"column":0},"end":{"line":17,"column":20}},"17":{"start":{"line":18,"column":0},"end":{"line":18,"column":19}},"18":{"start":{"line":19,"column":0},"end":{"line":19,"column":7}},"19":{"start":{"line":20,"column":0},"end":{"line":20,"column":12}},"20":{"start":{"line":21,"column":0},"end":{"line":21,"column":40}},"21":{"start":{"line":22,"column":0},"end":{"line":22,"column":38}},"22":{"start":{"line":23,"column":0},"end":{"line":23,"column":55}},"24":{"start":{"line":25,"column":0},"end":{"line":25,"column":37}},"25":{"start":{"line":26,"column":0},"end":{"line":26,"column":43}},"26":{"start":{"line":27,"column":0},"end":{"line":27,"column":66}},"27":{"start":{"line":28,"column":0},"end":{"line":28,"column":52}},"28":{"start":{"line":29,"column":0},"end":{"line":29,"column":62}},"29":{"start":{"line":30,"column":0},"end":{"line":30,"column":60}},"30":{"start":{"line":31,"column":0},"end":{"line":31,"column":64}},"31":{"start":{"line":32,"column":0},"end":{"line":32,"column":17}},"33":{"start":{"line":34,"column":0},"end":{"line":34,"column":24}},"34":{"start":{"line":35,"column":0},"end":{"line":35,"column":27}},"35":{"start":{"line":36,"column":0},"end":{"line":36,"column":39}},"36":{"start":{"line":37,"column":0},"end":{"line":37,"column":79}},"37":{"start":{"line":38,"column":0},"end":{"line":38,"column":38}},"38":{"start":{"line":39,"column":0},"end":{"line":39,"column":50}},"39":{"start":{"line":40,"column":0},"end":{"line":40,"column":68}},"40":{"start":{"line":41,"column":0},"end":{"line":41,"column":42}},"41":{"start":{"line":42,"column":0},"end":{"line":42,"column":65}},"42":{"start":{"line":43,"column":0},"end":{"line":43,"column":45}},"43":{"start":{"line":44,"column":0},"end":{"line":44,"column":59}},"44":{"start":{"line":45,"column":0},"end":{"line":45,"column":50}},"45":{"start":{"line":46,"column":0},"end":{"line":46,"column":37}},"47":{"start":{"line":48,"column":0},"end":{"line":48,"column":37}},"48":{"start":{"line":49,"column":0},"end":{"line":49,"column":60}},"49":{"start":{"line":50,"column":0},"end":{"line":50,"column":74}},"51":{"start":{"line":52,"column":0},"end":{"line":52,"column":29}},"53":{"start":{"line":54,"column":0},"end":{"line":54,"column":15}},"54":{"start":{"line":55,"column":0},"end":{"line":55,"column":14}},"56":{"start":{"line":57,"column":0},"end":{"line":57,"column":2}},"58":{"start":{"line":59,"column":0},"end":{"line":59,"column":26}}},"s":{"12":1,"13":15,"14":15,"15":15,"16":15,"17":15,"18":15,"19":15,"20":15,"21":15,"22":30,"24":30,"25":30,"26":5,"27":30,"28":1,"29":25,"30":0,"31":0,"33":30,"34":30,"35":30,"36":30,"37":30,"38":12,"39":18,"40":30,"41":30,"42":30,"43":30,"44":30,"45":30,"47":30,"48":30,"49":6,"51":30,"53":15,"54":15,"56":15,"58":1},"branchMap":{"0":{"type":"branch","line":13,"loc":{"start":{"line":13,"column":46},"end":{"line":57,"column":2}},"locations":[{"start":{"line":13,"column":46},"end":{"line":57,"column":2}}]},"1":{"type":"branch","line":22,"loc":{"start":{"line":22,"column":25},"end":{"line":54,"column":13}},"locations":[{"start":{"line":22,"column":25},"end":{"line":54,"column":13}}]},"2":{"type":"branch","line":26,"loc":{"start":{"line":26,"column":42},"end":{"line":28,"column":27}},"locations":[{"start":{"line":26,"column":42},"end":{"line":28,"column":27}}]},"3":{"type":"branch","line":28,"loc":{"start":{"line":28,"column":16},"end":{"line":32,"column":17}},"locations":[{"start":{"line":28,"column":16},"end":{"line":32,"column":17}}]},"4":{"type":"branch","line":28,"loc":{"start":{"line":28,"column":51},"end":{"line":30,"column":27}},"locations":[{"start":{"line":28,"column":51},"end":{"line":30,"column":27}}]},"5":{"type":"branch","line":30,"loc":{"start":{"line":30,"column":16},"end":{"line":32,"column":17}},"locations":[{"start":{"line":30,"column":16},"end":{"line":32,"column":17}}]},"6":{"type":"branch","line":30,"loc":{"start":{"line":30,"column":59},"end":{"line":32,"column":17}},"locations":[{"start":{"line":30,"column":59},"end":{"line":32,"column":17}}]},"7":{"type":"branch","line":38,"loc":{"start":{"line":38,"column":28},"end":{"line":39,"column":50}},"locations":[{"start":{"line":38,"column":28},"end":{"line":39,"column":50}}]},"8":{"type":"branch","line":39,"loc":{"start":{"line":39,"column":34},"end":{"line":40,"column":68}},"locations":[{"start":{"line":39,"column":34},"end":{"line":40,"column":68}}]},"9":{"type":"branch","line":49,"loc":{"start":{"line":49,"column":25},"end":{"line":49,"column":60}},"locations":[{"start":{"line":49,"column":25},"end":{"line":49,"column":60}}]},"10":{"type":"branch","line":49,"loc":{"start":{"line":49,"column":46},"end":{"line":50,"column":74}},"locations":[{"start":{"line":49,"column":46},"end":{"line":50,"column":74}}]},"11":{"type":"branch","line":42,"loc":{"start":{"line":42,"column":33},"end":{"line":42,"column":65}},"locations":[{"start":{"line":42,"column":33},"end":{"line":42,"column":65}}]}},"b":{"0":[15],"1":[30],"2":[5],"3":[25],"4":[1],"5":[24],"6":[0],"7":[12],"8":[18],"9":[12],"10":[6],"11":[4]},"fnMap":{"0":{"name":"ChoiceList","decl":{"start":{"line":13,"column":46},"end":{"line":57,"column":2}},"loc":{"start":{"line":13,"column":46},"end":{"line":57,"column":2}},"line":13},"1":{"name":"onClick","decl":{"start":{"line":42,"column":33},"end":{"line":42,"column":65}},"loc":{"start":{"line":42,"column":33},"end":{"line":42,"column":65}},"line":42}},"f":{"0":15,"1":4}}
,"/Users/serinuntius/src/github.com/noplan-inc/quiz-front-poc/src/components/quiz/ImageChoiceQuiz.tsx": {"path":"/Users/serinuntius/src/github.com/noplan-inc/quiz-front-poc/src/components/quiz/ImageChoiceQuiz.tsx","all":false,"statementMap":{"1":{"start":{"line":2,"column":0},"end":{"line":2,"column":33}},"3":{"start":{"line":4,"column":0},"end":{"line":4,"column":65}},"4":{"start":{"line":5,"column":0},"end":{"line":5,"column":13}},"5":{"start":{"line":6,"column":0},"end":{"line":6,"column":12}},"6":{"start":{"line":7,"column":0},"end":{"line":7,"column":13}},"7":{"start":{"line":8,"column":0},"end":{"line":8,"column":7}},"8":{"start":{"line":9,"column":0},"end":{"line":9,"column":70}},"10":{"start":{"line":11,"column":0},"end":{"line":11,"column":53}},"11":{"start":{"line":12,"column":0},"end":{"line":12,"column":32}},"12":{"start":{"line":13,"column":0},"end":{"line":13,"column":27}},"13":{"start":{"line":14,"column":0},"end":{"line":14,"column":6}},"15":{"start":{"line":16,"column":0},"end":{"line":16,"column":73}},"16":{"start":{"line":17,"column":0},"end":{"line":17,"column":49}},"17":{"start":{"line":18,"column":0},"end":{"line":18,"column":31}},"18":{"start":{"line":19,"column":0},"end":{"line":19,"column":40}},"19":{"start":{"line":20,"column":0},"end":{"line":20,"column":9}},"20":{"start":{"line":21,"column":0},"end":{"line":21,"column":6}},"22":{"start":{"line":23,"column":0},"end":{"line":23,"column":12}},"23":{"start":{"line":24,"column":0},"end":{"line":24,"column":50}},"24":{"start":{"line":25,"column":0},"end":{"line":25,"column":34}},"25":{"start":{"line":26,"column":0},"end":{"line":26,"column":74}},"26":{"start":{"line":27,"column":0},"end":{"line":27,"column":18}},"28":{"start":{"line":29,"column":0},"end":{"line":29,"column":52}},"29":{"start":{"line":30,"column":0},"end":{"line":30,"column":42}},"30":{"start":{"line":31,"column":0},"end":{"line":31,"column":27}},"31":{"start":{"line":32,"column":0},"end":{"line":32,"column":39}},"32":{"start":{"line":33,"column":0},"end":{"line":33,"column":68}},"33":{"start":{"line":34,"column":0},"end":{"line":34,"column":70}},"34":{"start":{"line":35,"column":0},"end":{"line":35,"column":63}},"35":{"start":{"line":36,"column":0},"end":{"line":36,"column":87}},"36":{"start":{"line":37,"column":0},"end":{"line":37,"column":52}},"37":{"start":{"line":38,"column":0},"end":{"line":38,"column":62}},"38":{"start":{"line":39,"column":0},"end":{"line":39,"column":73}},"39":{"start":{"line":40,"column":0},"end":{"line":40,"column":27}},"40":{"start":{"line":41,"column":0},"end":{"line":41,"column":37}},"41":{"start":{"line":42,"column":0},"end":{"line":42,"column":52}},"42":{"start":{"line":43,"column":0},"end":{"line":43,"column":57}},"43":{"start":{"line":44,"column":0},"end":{"line":44,"column":48}},"45":{"start":{"line":46,"column":0},"end":{"line":46,"column":37}},"47":{"start":{"line":48,"column":0},"end":{"line":48,"column":28}},"48":{"start":{"line":49,"column":0},"end":{"line":49,"column":49}},"49":{"start":{"line":50,"column":0},"end":{"line":50,"column":71}},"50":{"start":{"line":51,"column":0},"end":{"line":51,"column":77}},"51":{"start":{"line":52,"column":0},"end":{"line":52,"column":26}},"52":{"start":{"line":53,"column":0},"end":{"line":53,"column":29}},"53":{"start":{"line":54,"column":0},"end":{"line":54,"column":19}},"54":{"start":{"line":55,"column":0},"end":{"line":55,"column":18}},"55":{"start":{"line":56,"column":0},"end":{"line":56,"column":14}},"57":{"start":{"line":58,"column":0},"end":{"line":58,"column":2}}},"s":{"1":1,"3":1,"4":5,"5":5,"6":5,"7":5,"8":5,"10":5,"11":2,"12":2,"13":2,"15":5,"16":0,"17":0,"18":0,"19":0,"20":0,"22":5,"23":5,"24":5,"25":5,"26":5,"28":5,"29":5,"30":10,"31":10,"32":10,"33":10,"34":10,"35":10,"36":10,"37":2,"38":8,"39":10,"40":10,"41":10,"42":2,"43":8,"45":10,"47":10,"48":10,"49":10,"50":10,"51":10,"52":10,"53":5,"54":5,"55":5,"57":5},"branchMap":{"0":{"type":"branch","line":4,"loc":{"start":{"line":4,"column":63},"end":{"line":58,"column":2}},"locations":[{"start":{"line":4,"column":63},"end":{"line":58,"column":2}}]},"1":{"type":"branch","line":11,"loc":{"start":{"line":11,"column":30},"end":{"line":14,"column":6}},"locations":[{"start":{"line":11,"column":30},"end":{"line":14,"column":6}}]},"2":{"type":"branch","line":30,"loc":{"start":{"line":30,"column":29},"end":{"line":53,"column":29}},"locations":[{"start":{"line":30,"column":29},"end":{"line":53,"column":29}}]},"3":{"type":"branch","line":37,"loc":{"start":{"line":37,"column":50},"end":{"line":38,"column":62}},"locations":[{"start":{"line":37,"column":50},"end":{"line":38,"column":62}}]},"4":{"type":"branch","line":38,"loc":{"start":{"line":38,"column":34},"end":{"line":39,"column":73}},"locations":[{"start":{"line":38,"column":34},"end":{"line":39,"column":73}}]},"5":{"type":"branch","line":42,"loc":{"start":{"line":42,"column":50},"end":{"line":43,"column":57}},"locations":[{"start":{"line":42,"column":50},"end":{"line":43,"column":57}}]},"6":{"type":"branch","line":43,"loc":{"start":{"line":43,"column":34},"end":{"line":44,"column":48}},"locations":[{"start":{"line":43,"column":34},"end":{"line":44,"column":48}}]},"7":{"type":"branch","line":50,"loc":{"start":{"line":50,"column":40},"end":{"line":50,"column":71}},"locations":[{"start":{"line":50,"column":40},"end":{"line":50,"column":71}}]},"8":{"type":"branch","line":33,"loc":{"start":{"line":33,"column":33},"end":{"line":33,"column":68}},"locations":[{"start":{"line":33,"column":33},"end":{"line":33,"column":68}}]}},"b":{"0":[5],"1":[2],"2":[10],"3":[2],"4":[8],"5":[2],"6":[8],"7":[0],"8":[2]},"fnMap":{"0":{"name":"ImageChoiceQuiz","decl":{"start":{"line":4,"column":63},"end":{"line":58,"column":2}},"loc":{"start":{"line":4,"column":63},"end":{"line":58,"column":2}},"line":4},"1":{"name":"handleChoiceClick","decl":{"start":{"line":11,"column":30},"end":{"line":14,"column":6}},"loc":{"start":{"line":11,"column":30},"end":{"line":14,"column":6}},"line":11},"2":{"name":"handleKeyDown","decl":{"start":{"line":16,"column":26},"end":{"line":21,"column":6}},"loc":{"start":{"line":16,"column":26},"end":{"line":21,"column":6}},"line":16},"3":{"name":"onClick","decl":{"start":{"line":33,"column":33},"end":{"line":33,"column":68}},"loc":{"start":{"line":33,"column":33},"end":{"line":33,"column":68}},"line":33},"4":{"name":"onKeyDown","decl":{"start":{"line":34,"column":35},"end":{"line":34,"column":70}},"loc":{"start":{"line":34,"column":35},"end":{"line":34,"column":70}},"line":34}},"f":{"0":5,"1":2,"2":0,"3":2,"4":0}}
,"/Users/serinuntius/src/github.com/noplan-inc/quiz-front-poc/src/components/quiz/ImageQuiz.tsx": {"path":"/Users/serinuntius/src/github.com/noplan-inc/quiz-front-poc/src/components/quiz/ImageQuiz.tsx","all":false,"statementMap":{"1":{"start":{"line":2,"column":0},"end":{"line":2,"column":61}},"10":{"start":{"line":11,"column":0},"end":{"line":11,"column":55}},"11":{"start":{"line":12,"column":0},"end":{"line":12,"column":13}},"12":{"start":{"line":13,"column":0},"end":{"line":13,"column":12}},"13":{"start":{"line":14,"column":0},"end":{"line":14,"column":13}},"14":{"start":{"line":15,"column":0},"end":{"line":15,"column":23}},"15":{"start":{"line":16,"column":0},"end":{"line":16,"column":21}},"16":{"start":{"line":17,"column":0},"end":{"line":17,"column":15}},"17":{"start":{"line":18,"column":0},"end":{"line":18,"column":20}},"18":{"start":{"line":19,"column":0},"end":{"line":19,"column":19}},"19":{"start":{"line":20,"column":0},"end":{"line":20,"column":7}},"20":{"start":{"line":21,"column":0},"end":{"line":21,"column":12}},"21":{"start":{"line":22,"column":0},"end":{"line":22,"column":109}},"22":{"start":{"line":23,"column":0},"end":{"line":23,"column":15}},"23":{"start":{"line":24,"column":0},"end":{"line":24,"column":81}},"24":{"start":{"line":25,"column":0},"end":{"line":25,"column":43}},"26":{"start":{"line":27,"column":0},"end":{"line":27,"column":26}},"27":{"start":{"line":28,"column":0},"end":{"line":28,"column":17}},"29":{"start":{"line":30,"column":0},"end":{"line":30,"column":81}},"30":{"start":{"line":31,"column":0},"end":{"line":31,"column":20}},"31":{"start":{"line":32,"column":0},"end":{"line":32,"column":34}},"32":{"start":{"line":33,"column":0},"end":{"line":33,"column":34}},"33":{"start":{"line":34,"column":0},"end":{"line":34,"column":79}},"34":{"start":{"line":35,"column":0},"end":{"line":35,"column":48}},"35":{"start":{"line":36,"column":0},"end":{"line":36,"column":18}},"36":{"start":{"line":37,"column":0},"end":{"line":37,"column":18}},"38":{"start":{"line":39,"column":0},"end":{"line":39,"column":58}},"39":{"start":{"line":40,"column":0},"end":{"line":40,"column":27}},"40":{"start":{"line":41,"column":0},"end":{"line":41,"column":37}},"41":{"start":{"line":42,"column":0},"end":{"line":42,"column":55}},"42":{"start":{"line":43,"column":0},"end":{"line":43,"column":43}},"43":{"start":{"line":44,"column":0},"end":{"line":44,"column":53}},"44":{"start":{"line":45,"column":0},"end":{"line":45,"column":51}},"45":{"start":{"line":46,"column":0},"end":{"line":46,"column":18}},"46":{"start":{"line":47,"column":0},"end":{"line":47,"column":18}},"47":{"start":{"line":48,"column":0},"end":{"line":48,"column":14}},"49":{"start":{"line":50,"column":0},"end":{"line":50,"column":2}},"51":{"start":{"line":52,"column":0},"end":{"line":52,"column":25}}},"s":{"1":1,"10":1,"11":1,"12":1,"13":1,"14":1,"15":1,"16":1,"17":1,"18":1,"19":1,"20":1,"21":1,"22":1,"23":1,"24":1,"26":1,"27":1,"29":1,"30":1,"31":1,"32":1,"33":1,"34":1,"35":1,"36":1,"38":1,"39":1,"40":1,"41":1,"42":1,"43":1,"44":1,"45":1,"46":1,"47":1,"49":1,"51":1},"branchMap":{"0":{"type":"branch","line":11,"loc":{"start":{"line":11,"column":53},"end":{"line":50,"column":2}},"locations":[{"start":{"line":11,"column":53},"end":{"line":50,"column":2}}]}},"b":{"0":[1]},"fnMap":{"0":{"name":"ImageQuiz","decl":{"start":{"line":11,"column":53},"end":{"line":50,"column":2}},"loc":{"start":{"line":11,"column":53},"end":{"line":50,"column":2}},"line":11}},"f":{"0":1}}
,"/Users/serinuntius/src/github.com/noplan-inc/quiz-front-poc/src/components/quiz/MultiAnswerQuiz.tsx": {"path":"/Users/serinuntius/src/github.com/noplan-inc/quiz-front-poc/src/components/quiz/MultiAnswerQuiz.tsx","all":false,"statementMap":{"1":{"start":{"line":2,"column":0},"end":{"line":2,"column":33}},"3":{"start":{"line":4,"column":0},"end":{"line":4,"column":65}},"4":{"start":{"line":5,"column":0},"end":{"line":5,"column":13}},"5":{"start":{"line":6,"column":0},"end":{"line":6,"column":12}},"6":{"start":{"line":7,"column":0},"end":{"line":7,"column":13}},"7":{"start":{"line":8,"column":0},"end":{"line":8,"column":7}},"8":{"start":{"line":9,"column":0},"end":{"line":9,"column":65}},"10":{"start":{"line":11,"column":0},"end":{"line":11,"column":53}},"11":{"start":{"line":12,"column":0},"end":{"line":12,"column":34}},"12":{"start":{"line":13,"column":0},"end":{"line":13,"column":42}},"13":{"start":{"line":14,"column":0},"end":{"line":14,"column":60}},"14":{"start":{"line":15,"column":0},"end":{"line":15,"column":13}},"15":{"start":{"line":16,"column":0},"end":{"line":16,"column":39}},"16":{"start":{"line":17,"column":0},"end":{"line":17,"column":11}},"17":{"start":{"line":18,"column":0},"end":{"line":18,"column":6}},"19":{"start":{"line":20,"column":0},"end":{"line":20,"column":73}},"20":{"start":{"line":21,"column":0},"end":{"line":21,"column":49}},"21":{"start":{"line":22,"column":0},"end":{"line":22,"column":31}},"22":{"start":{"line":23,"column":0},"end":{"line":23,"column":40}},"23":{"start":{"line":24,"column":0},"end":{"line":24,"column":9}},"24":{"start":{"line":25,"column":0},"end":{"line":25,"column":6}},"26":{"start":{"line":27,"column":0},"end":{"line":27,"column":32}},"27":{"start":{"line":28,"column":0},"end":{"line":28,"column":37}},"28":{"start":{"line":29,"column":0},"end":{"line":29,"column":34}},"29":{"start":{"line":30,"column":0},"end":{"line":30,"column":9}},"30":{"start":{"line":31,"column":0},"end":{"line":31,"column":6}},"32":{"start":{"line":33,"column":0},"end":{"line":33,"column":12}},"33":{"start":{"line":34,"column":0},"end":{"line":34,"column":50}},"34":{"start":{"line":35,"column":0},"end":{"line":35,"column":34}},"35":{"start":{"line":36,"column":0},"end":{"line":36,"column":74}},"36":{"start":{"line":37,"column":0},"end":{"line":37,"column":71}},"37":{"start":{"line":38,"column":0},"end":{"line":38,"column":18}},"39":{"start":{"line":40,"column":0},"end":{"line":40,"column":44}},"40":{"start":{"line":41,"column":0},"end":{"line":41,"column":42}},"41":{"start":{"line":42,"column":0},"end":{"line":42,"column":26}},"42":{"start":{"line":43,"column":0},"end":{"line":43,"column":39}},"43":{"start":{"line":44,"column":0},"end":{"line":44,"column":98}},"44":{"start":{"line":45,"column":0},"end":{"line":45,"column":59}},"45":{"start":{"line":46,"column":0},"end":{"line":46,"column":62}},"46":{"start":{"line":47,"column":0},"end":{"line":47,"column":73}},"47":{"start":{"line":48,"column":0},"end":{"line":48,"column":27}},"48":{"start":{"line":49,"column":0},"end":{"line":49,"column":37}},"49":{"start":{"line":50,"column":0},"end":{"line":50,"column":59}},"50":{"start":{"line":51,"column":0},"end":{"line":51,"column":51}},"51":{"start":{"line":52,"column":0},"end":{"line":52,"column":42}},"54":{"start":{"line":55,"column":0},"end":{"line":55,"column":59}},"55":{"start":{"line":56,"column":0},"end":{"line":56,"column":34}},"56":{"start":{"line":57,"column":0},"end":{"line":57,"column":47}},"57":{"start":{"line":58,"column":0},"end":{"line":58,"column":51}},"58":{"start":{"line":59,"column":0},"end":{"line":59,"column":73}},"59":{"start":{"line":60,"column":0},"end":{"line":60,"column":77}},"60":{"start":{"line":61,"column":0},"end":{"line":61,"column":78}},"61":{"start":{"line":62,"column":0},"end":{"line":62,"column":30}},"62":{"start":{"line":63,"column":0},"end":{"line":63,"column":32}},"63":{"start":{"line":64,"column":0},"end":{"line":64,"column":109}},"64":{"start":{"line":65,"column":0},"end":{"line":65,"column":67}},"65":{"start":{"line":66,"column":0},"end":{"line":66,"column":71}},"66":{"start":{"line":67,"column":0},"end":{"line":67,"column":59}},"67":{"start":{"line":68,"column":0},"end":{"line":68,"column":35}},"69":{"start":{"line":70,"column":0},"end":{"line":70,"column":69}},"70":{"start":{"line":71,"column":0},"end":{"line":71,"column":40}},"71":{"start":{"line":72,"column":0},"end":{"line":72,"column":74}},"72":{"start":{"line":73,"column":0},"end":{"line":73,"column":59}},"73":{"start":{"line":74,"column":0},"end":{"line":74,"column":52}},"74":{"start":{"line":75,"column":0},"end":{"line":75,"column":59}},"75":{"start":{"line":76,"column":0},"end":{"line":76,"column":58}},"77":{"start":{"line":78,"column":0},"end":{"line":78,"column":59}},"78":{"start":{"line":79,"column":0},"end":{"line":79,"column":45}},"79":{"start":{"line":80,"column":0},"end":{"line":80,"column":62}},"80":{"start":{"line":81,"column":0},"end":{"line":81,"column":185}},"81":{"start":{"line":82,"column":0},"end":{"line":82,"column":62}},"82":{"start":{"line":83,"column":0},"end":{"line":83,"column":42}},"83":{"start":{"line":84,"column":0},"end":{"line":84,"column":42}},"85":{"start":{"line":86,"column":0},"end":{"line":86,"column":34}},"86":{"start":{"line":87,"column":0},"end":{"line":87,"column":54}},"87":{"start":{"line":88,"column":0},"end":{"line":88,"column":30}},"88":{"start":{"line":89,"column":0},"end":{"line":89,"column":28}},"89":{"start":{"line":90,"column":0},"end":{"line":90,"column":19}},"90":{"start":{"line":91,"column":0},"end":{"line":91,"column":18}},"92":{"start":{"line":93,"column":0},"end":{"line":93,"column":19}},"93":{"start":{"line":94,"column":0},"end":{"line":94,"column":38}},"94":{"start":{"line":95,"column":0},"end":{"line":95,"column":51}},"95":{"start":{"line":96,"column":0},"end":{"line":96,"column":29}},"96":{"start":{"line":97,"column":0},"end":{"line":97,"column":51}},"97":{"start":{"line":98,"column":0},"end":{"line":98,"column":44}},"98":{"start":{"line":99,"column":0},"end":{"line":99,"column":72}},"99":{"start":{"line":100,"column":0},"end":{"line":100,"column":68}},"100":{"start":{"line":101,"column":0},"end":{"line":101,"column":19}},"101":{"start":{"line":102,"column":0},"end":{"line":102,"column":13}},"103":{"start":{"line":104,"column":0},"end":{"line":104,"column":21}},"104":{"start":{"line":105,"column":0},"end":{"line":105,"column":14}},"106":{"start":{"line":107,"column":0},"end":{"line":107,"column":2}}},"s":{"1":1,"3":1,"4":8,"5":8,"6":8,"7":8,"8":8,"10":8,"11":4,"12":4,"13":1,"14":1,"15":3,"16":4,"17":4,"19":8,"20":0,"21":0,"22":0,"23":0,"24":0,"26":8,"27":1,"28":1,"29":1,"30":1,"32":8,"33":8,"34":8,"35":8,"36":8,"37":8,"39":8,"40":8,"41":32,"42":32,"43":32,"44":32,"45":4,"46":28,"47":32,"48":32,"49":32,"50":4,"51":28,"54":32,"55":32,"56":32,"57":32,"58":32,"59":32,"60":32,"61":32,"62":32,"63":32,"64":32,"65":4,"66":28,"67":32,"69":32,"70":4,"71":4,"72":4,"73":4,"74":4,"75":4,"77":4,"78":4,"79":4,"80":4,"81":4,"82":4,"83":4,"85":32,"86":32,"87":32,"88":32,"89":8,"90":8,"92":8,"93":8,"94":8,"95":8,"96":8,"97":8,"98":5,"99":3,"100":8,"101":8,"103":8,"104":8,"106":8},"branchMap":{"0":{"type":"branch","line":4,"loc":{"start":{"line":4,"column":63},"end":{"line":107,"column":2}},"locations":[{"start":{"line":4,"column":63},"end":{"line":107,"column":2}}]},"1":{"type":"branch","line":98,"loc":{"start":{"line":98,"column":43},"end":{"line":99,"column":72}},"locations":[{"start":{"line":98,"column":43},"end":{"line":99,"column":72}}]},"2":{"type":"branch","line":99,"loc":{"start":{"line":99,"column":26},"end":{"line":100,"column":68}},"locations":[{"start":{"line":99,"column":26},"end":{"line":100,"column":68}}]},"3":{"type":"branch","line":11,"loc":{"start":{"line":11,"column":30},"end":{"line":18,"column":6}},"locations":[{"start":{"line":11,"column":30},"end":{"line":18,"column":6}}]},"4":{"type":"branch","line":12,"loc":{"start":{"line":12,"column":23},"end":{"line":17,"column":9}},"locations":[{"start":{"line":12,"column":23},"end":{"line":17,"column":9}}]},"5":{"type":"branch","line":13,"loc":{"start":{"line":13,"column":41},"end":{"line":15,"column":13}},"locations":[{"start":{"line":13,"column":41},"end":{"line":15,"column":13}}]},"6":{"type":"branch","line":15,"loc":{"start":{"line":15,"column":12},"end":{"line":16,"column":39}},"locations":[{"start":{"line":15,"column":12},"end":{"line":16,"column":39}}]},"7":{"type":"branch","line":14,"loc":{"start":{"line":14,"column":35},"end":{"line":14,"column":58}},"locations":[{"start":{"line":14,"column":35},"end":{"line":14,"column":58}}]},"8":{"type":"branch","line":27,"loc":{"start":{"line":27,"column":25},"end":{"line":31,"column":6}},"locations":[{"start":{"line":27,"column":25},"end":{"line":31,"column":6}}]},"9":{"type":"branch","line":41,"loc":{"start":{"line":41,"column":29},"end":{"line":89,"column":28}},"locations":[{"start":{"line":41,"column":29},"end":{"line":89,"column":28}}]},"10":{"type":"branch","line":45,"loc":{"start":{"line":45,"column":58},"end":{"line":46,"column":62}},"locations":[{"start":{"line":45,"column":58},"end":{"line":46,"column":62}}]},"11":{"type":"branch","line":46,"loc":{"start":{"line":46,"column":34},"end":{"line":47,"column":73}},"locations":[{"start":{"line":46,"column":34},"end":{"line":47,"column":73}}]},"12":{"type":"branch","line":50,"loc":{"start":{"line":50,"column":58},"end":{"line":51,"column":51}},"locations":[{"start":{"line":50,"column":58},"end":{"line":51,"column":51}}]},"13":{"type":"branch","line":51,"loc":{"start":{"line":51,"column":34},"end":{"line":52,"column":42}},"locations":[{"start":{"line":51,"column":34},"end":{"line":52,"column":42}}]},"14":{"type":"branch","line":65,"loc":{"start":{"line":65,"column":66},"end":{"line":66,"column":71}},"locations":[{"start":{"line":65,"column":66},"end":{"line":66,"column":71}}]},"15":{"type":"branch","line":66,"loc":{"start":{"line":66,"column":42},"end":{"line":67,"column":59}},"locations":[{"start":{"line":66,"column":42},"end":{"line":67,"column":59}}]},"16":{"type":"branch","line":70,"loc":{"start":{"line":70,"column":63},"end":{"line":84,"column":42}},"locations":[{"start":{"line":70,"column":63},"end":{"line":84,"column":42}}]},"17":{"type":"branch","line":60,"loc":{"start":{"line":60,"column":42},"end":{"line":60,"column":77}},"locations":[{"start":{"line":60,"column":42},"end":{"line":60,"column":77}}]}},"b":{"0":[8],"1":[5],"2":[3],"3":[4],"4":[4],"5":[1],"6":[3],"7":[1],"8":[1],"9":[32],"10":[4],"11":[28],"12":[4],"13":[28],"14":[4],"15":[28],"16":[4],"17":[4]},"fnMap":{"0":{"name":"MultiAnswerQuiz","decl":{"start":{"line":4,"column":63},"end":{"line":107,"column":2}},"loc":{"start":{"line":4,"column":63},"end":{"line":107,"column":2}},"line":4},"1":{"name":"handleChoiceClick","decl":{"start":{"line":11,"column":30},"end":{"line":18,"column":6}},"loc":{"start":{"line":11,"column":30},"end":{"line":18,"column":6}},"line":11},"2":{"name":"handleKeyDown","decl":{"start":{"line":20,"column":26},"end":{"line":25,"column":6}},"loc":{"start":{"line":20,"column":26},"end":{"line":25,"column":6}},"line":20},"3":{"name":"handleSubmit","decl":{"start":{"line":27,"column":25},"end":{"line":31,"column":6}},"loc":{"start":{"line":27,"column":25},"end":{"line":31,"column":6}},"line":27},"4":{"name":"onChange","decl":{"start":{"line":60,"column":42},"end":{"line":60,"column":77}},"loc":{"start":{"line":60,"column":42},"end":{"line":60,"column":77}},"line":60},"5":{"name":"onKeyDown","decl":{"start":{"line":61,"column":43},"end":{"line":61,"column":78}},"loc":{"start":{"line":61,"column":43},"end":{"line":61,"column":78}},"line":61}},"f":{"0":8,"1":4,"2":0,"3":1,"4":4,"5":0}}
,"/Users/serinuntius/src/github.com/noplan-inc/quiz-front-poc/src/components/quiz/QuizItem.tsx": {"path":"/Users/serinuntius/src/github.com/noplan-inc/quiz-front-poc/src/components/quiz/QuizItem.tsx","all":false,"statementMap":{"1":{"start":{"line":2,"column":0},"end":{"line":2,"column":33}},"2":{"start":{"line":3,"column":0},"end":{"line":3,"column":36}},"4":{"start":{"line":5,"column":0},"end":{"line":5,"column":52}},"5":{"start":{"line":6,"column":0},"end":{"line":6,"column":36}},"6":{"start":{"line":7,"column":0},"end":{"line":7,"column":52}},"7":{"start":{"line":8,"column":0},"end":{"line":8,"column":34}},"8":{"start":{"line":9,"column":0},"end":{"line":9,"column":36}},"13":{"start":{"line":14,"column":0},"end":{"line":14,"column":50}},"14":{"start":{"line":15,"column":0},"end":{"line":15,"column":76}},"15":{"start":{"line":16,"column":0},"end":{"line":16,"column":12}},"16":{"start":{"line":17,"column":0},"end":{"line":17,"column":6}},"17":{"start":{"line":18,"column":0},"end":{"line":18,"column":56}},"19":{"start":{"line":20,"column":0},"end":{"line":20,"column":57}},"20":{"start":{"line":21,"column":0},"end":{"line":21,"column":31}},"22":{"start":{"line":23,"column":0},"end":{"line":23,"column":38}},"23":{"start":{"line":24,"column":0},"end":{"line":24,"column":28}},"24":{"start":{"line":25,"column":0},"end":{"line":25,"column":33}},"25":{"start":{"line":26,"column":0},"end":{"line":26,"column":6}},"28":{"start":{"line":29,"column":0},"end":{"line":29,"column":63}},"29":{"start":{"line":30,"column":0},"end":{"line":30,"column":42}},"30":{"start":{"line":31,"column":0},"end":{"line":31,"column":47}},"31":{"start":{"line":32,"column":0},"end":{"line":32,"column":64}},"32":{"start":{"line":33,"column":0},"end":{"line":33,"column":31}},"33":{"start":{"line":34,"column":0},"end":{"line":34,"column":25}},"34":{"start":{"line":35,"column":0},"end":{"line":35,"column":6}},"37":{"start":{"line":38,"column":0},"end":{"line":38,"column":25}},"38":{"start":{"line":39,"column":0},"end":{"line":39,"column":25}},"39":{"start":{"line":40,"column":0},"end":{"line":40,"column":19}},"40":{"start":{"line":41,"column":0},"end":{"line":41,"column":24}},"41":{"start":{"line":42,"column":0},"end":{"line":42,"column":46}},"42":{"start":{"line":43,"column":0},"end":{"line":43,"column":6}},"45":{"start":{"line":46,"column":0},"end":{"line":46,"column":25}},"46":{"start":{"line":47,"column":0},"end":{"line":47,"column":20}},"47":{"start":{"line":48,"column":0},"end":{"line":48,"column":60}},"49":{"start":{"line":50,"column":0},"end":{"line":50,"column":21}},"50":{"start":{"line":51,"column":0},"end":{"line":51,"column":61}},"52":{"start":{"line":53,"column":0},"end":{"line":53,"column":21}},"53":{"start":{"line":54,"column":0},"end":{"line":54,"column":61}},"55":{"start":{"line":56,"column":0},"end":{"line":56,"column":21}},"56":{"start":{"line":57,"column":0},"end":{"line":57,"column":61}},"58":{"start":{"line":59,"column":0},"end":{"line":59,"column":27}},"59":{"start":{"line":60,"column":0},"end":{"line":60,"column":50}},"61":{"start":{"line":62,"column":0},"end":{"line":62,"column":27}},"62":{"start":{"line":63,"column":0},"end":{"line":63,"column":50}},"74":{"start":{"line":75,"column":0},"end":{"line":75,"column":16}},"76":{"start":{"line":77,"column":0},"end":{"line":77,"column":20}},"77":{"start":{"line":78,"column":0},"end":{"line":78,"column":38}},"78":{"start":{"line":79,"column":0},"end":{"line":79,"column":48}},"79":{"start":{"line":80,"column":0},"end":{"line":80,"column":49}},"80":{"start":{"line":81,"column":0},"end":{"line":81,"column":24}},"81":{"start":{"line":82,"column":0},"end":{"line":82,"column":22}},"83":{"start":{"line":84,"column":0},"end":{"line":84,"column":5}},"84":{"start":{"line":85,"column":0},"end":{"line":85,"column":2}},"86":{"start":{"line":87,"column":0},"end":{"line":87,"column":24}}},"s":{"1":1,"2":1,"4":1,"5":1,"6":1,"7":1,"8":1,"13":1,"14":10,"15":10,"16":10,"17":10,"19":10,"20":3,"22":3,"23":3,"24":3,"25":3,"28":10,"29":20,"30":14,"31":14,"32":20,"33":3,"34":20,"37":10,"38":10,"39":10,"40":10,"41":10,"42":10,"45":10,"46":10,"47":7,"49":10,"50":1,"52":10,"53":1,"55":10,"56":1,"58":10,"59":0,"61":10,"62":0,"74":10,"76":0,"77":0,"78":0,"79":0,"80":0,"81":0,"83":10,"84":10,"86":1},"branchMap":{"0":{"type":"branch","line":14,"loc":{"start":{"line":14,"column":38},"end":{"line":85,"column":2}},"locations":[{"start":{"line":14,"column":38},"end":{"line":85,"column":2}}]},"1":{"type":"branch","line":47,"loc":{"start":{"line":47,"column":8},"end":{"line":48,"column":60}},"locations":[{"start":{"line":47,"column":8},"end":{"line":48,"column":60}}]},"2":{"type":"branch","line":50,"loc":{"start":{"line":50,"column":8},"end":{"line":51,"column":61}},"locations":[{"start":{"line":50,"column":8},"end":{"line":51,"column":61}}]},"3":{"type":"branch","line":53,"loc":{"start":{"line":53,"column":8},"end":{"line":54,"column":61}},"locations":[{"start":{"line":53,"column":8},"end":{"line":54,"column":61}}]},"4":{"type":"branch","line":56,"loc":{"start":{"line":56,"column":8},"end":{"line":57,"column":61}},"locations":[{"start":{"line":56,"column":8},"end":{"line":57,"column":61}}]},"5":{"type":"branch","line":59,"loc":{"start":{"line":59,"column":8},"end":{"line":60,"column":50}},"locations":[{"start":{"line":59,"column":8},"end":{"line":60,"column":50}}]},"6":{"type":"branch","line":62,"loc":{"start":{"line":62,"column":8},"end":{"line":63,"column":50}},"locations":[{"start":{"line":62,"column":8},"end":{"line":63,"column":50}}]},"7":{"type":"branch","line":75,"loc":{"start":{"line":75,"column":8},"end":{"line":82,"column":22}},"locations":[{"start":{"line":75,"column":8},"end":{"line":82,"column":22}}]},"8":{"type":"branch","line":20,"loc":{"start":{"line":20,"column":34},"end":{"line":26,"column":6}},"locations":[{"start":{"line":20,"column":34},"end":{"line":26,"column":6}}]},"9":{"type":"branch","line":21,"loc":{"start":{"line":21,"column":24},"end":{"line":21,"column":31}},"locations":[{"start":{"line":21,"column":24},"end":{"line":21,"column":31}}]},"10":{"type":"branch","line":29,"loc":{"start":{"line":29,"column":28},"end":{"line":35,"column":6}},"locations":[{"start":{"line":29,"column":28},"end":{"line":35,"column":6}}]},"11":{"type":"branch","line":30,"loc":{"start":{"line":30,"column":25},"end":{"line":32,"column":64}},"locations":[{"start":{"line":30,"column":25},"end":{"line":32,"column":64}}]},"12":{"type":"branch","line":30,"loc":{"start":{"line":30,"column":32},"end":{"line":31,"column":37}},"locations":[{"start":{"line":30,"column":32},"end":{"line":31,"column":37}}]},"13":{"type":"branch","line":31,"loc":{"start":{"line":31,"column":30},"end":{"line":32,"column":46}},"locations":[{"start":{"line":31,"column":30},"end":{"line":32,"column":46}}]},"14":{"type":"branch","line":32,"loc":{"start":{"line":32,"column":26},"end":{"line":32,"column":64}},"locations":[{"start":{"line":32,"column":26},"end":{"line":32,"column":64}}]},"15":{"type":"branch","line":33,"loc":{"start":{"line":33,"column":12},"end":{"line":34,"column":25}},"locations":[{"start":{"line":33,"column":12},"end":{"line":34,"column":25}}]},"16":{"type":"branch","line":33,"loc":{"start":{"line":33,"column":12},"end":{"line":33,"column":31}},"locations":[{"start":{"line":33,"column":12},"end":{"line":33,"column":31}}]},"17":{"type":"branch","line":33,"loc":{"start":{"line":33,"column":19},"end":{"line":34,"column":25}},"locations":[{"start":{"line":33,"column":19},"end":{"line":34,"column":25}}]}},"b":{"0":[10],"1":[7],"2":[1],"3":[1],"4":[1],"5":[0],"6":[0],"7":[0],"8":[3],"9":[0],"10":[20],"11":[14],"12":[6],"13":[3],"14":[0],"15":[14],"16":[0],"17":[3]},"fnMap":{"0":{"name":"QuizItem","decl":{"start":{"line":14,"column":38},"end":{"line":85,"column":2}},"loc":{"start":{"line":14,"column":38},"end":{"line":85,"column":2}},"line":14},"1":{"name":"handleAnswerSelection","decl":{"start":{"line":20,"column":34},"end":{"line":26,"column":6}},"loc":{"start":{"line":20,"column":34},"end":{"line":26,"column":6}},"line":20},"2":{"name":"getChoiceStatus","decl":{"start":{"line":29,"column":28},"end":{"line":35,"column":6}},"loc":{"start":{"line":29,"column":28},"end":{"line":35,"column":6}},"line":29}},"f":{"0":10,"1":3,"2":20}}
,"/Users/serinuntius/src/github.com/noplan-inc/quiz-front-poc/src/components/quiz/TextQuiz.tsx": {"path":"/Users/serinuntius/src/github.com/noplan-inc/quiz-front-poc/src/components/quiz/TextQuiz.tsx","all":false,"statementMap":{"1":{"start":{"line":2,"column":0},"end":{"line":2,"column":61}},"10":{"start":{"line":11,"column":0},"end":{"line":11,"column":53}},"11":{"start":{"line":12,"column":0},"end":{"line":12,"column":13}},"12":{"start":{"line":13,"column":0},"end":{"line":13,"column":12}},"13":{"start":{"line":14,"column":0},"end":{"line":14,"column":21}},"14":{"start":{"line":15,"column":0},"end":{"line":15,"column":15}},"15":{"start":{"line":16,"column":0},"end":{"line":16,"column":20}},"16":{"start":{"line":17,"column":0},"end":{"line":17,"column":19}},"17":{"start":{"line":18,"column":0},"end":{"line":18,"column":7}},"18":{"start":{"line":19,"column":0},"end":{"line":19,"column":12}},"19":{"start":{"line":20,"column":0},"end":{"line":20,"column":109}},"20":{"start":{"line":21,"column":0},"end":{"line":21,"column":15}},"21":{"start":{"line":22,"column":0},"end":{"line":22,"column":81}},"22":{"start":{"line":23,"column":0},"end":{"line":23,"column":43}},"24":{"start":{"line":25,"column":0},"end":{"line":25,"column":26}},"25":{"start":{"line":26,"column":0},"end":{"line":26,"column":17}},"27":{"start":{"line":28,"column":0},"end":{"line":28,"column":58}},"28":{"start":{"line":29,"column":0},"end":{"line":29,"column":27}},"29":{"start":{"line":30,"column":0},"end":{"line":30,"column":37}},"30":{"start":{"line":31,"column":0},"end":{"line":31,"column":55}},"31":{"start":{"line":32,"column":0},"end":{"line":32,"column":43}},"32":{"start":{"line":33,"column":0},"end":{"line":33,"column":53}},"33":{"start":{"line":34,"column":0},"end":{"line":34,"column":51}},"34":{"start":{"line":35,"column":0},"end":{"line":35,"column":18}},"35":{"start":{"line":36,"column":0},"end":{"line":36,"column":18}},"36":{"start":{"line":37,"column":0},"end":{"line":37,"column":14}},"38":{"start":{"line":39,"column":0},"end":{"line":39,"column":2}},"40":{"start":{"line":41,"column":0},"end":{"line":41,"column":24}}},"s":{"1":1,"10":1,"11":7,"12":7,"13":7,"14":7,"15":7,"16":7,"17":7,"18":7,"19":7,"20":7,"21":7,"22":7,"24":7,"25":7,"27":7,"28":7,"29":7,"30":7,"31":7,"32":7,"33":7,"34":7,"35":7,"36":7,"38":7,"40":1},"branchMap":{"0":{"type":"branch","line":11,"loc":{"start":{"line":11,"column":51},"end":{"line":39,"column":2}},"locations":[{"start":{"line":11,"column":51},"end":{"line":39,"column":2}}]}},"b":{"0":[7]},"fnMap":{"0":{"name":"TextQuiz","decl":{"start":{"line":11,"column":51},"end":{"line":39,"column":2}},"loc":{"start":{"line":11,"column":51},"end":{"line":39,"column":2}},"line":11}},"f":{"0":7}}
,"/Users/serinuntius/src/github.com/noplan-inc/quiz-front-poc/src/components/quiz/VideoQuiz.tsx": {"path":"/Users/serinuntius/src/github.com/noplan-inc/quiz-front-poc/src/components/quiz/VideoQuiz.tsx","all":false,"statementMap":{"1":{"start":{"line":2,"column":0},"end":{"line":2,"column":61}},"10":{"start":{"line":11,"column":0},"end":{"line":11,"column":55}},"11":{"start":{"line":12,"column":0},"end":{"line":12,"column":13}},"12":{"start":{"line":13,"column":0},"end":{"line":13,"column":12}},"13":{"start":{"line":14,"column":0},"end":{"line":14,"column":13}},"14":{"start":{"line":15,"column":0},"end":{"line":15,"column":11}},"15":{"start":{"line":16,"column":0},"end":{"line":16,"column":21}},"16":{"start":{"line":17,"column":0},"end":{"line":17,"column":15}},"17":{"start":{"line":18,"column":0},"end":{"line":18,"column":20}},"18":{"start":{"line":19,"column":0},"end":{"line":19,"column":19}},"19":{"start":{"line":20,"column":0},"end":{"line":20,"column":7}},"20":{"start":{"line":21,"column":0},"end":{"line":21,"column":12}},"21":{"start":{"line":22,"column":0},"end":{"line":22,"column":109}},"22":{"start":{"line":23,"column":0},"end":{"line":23,"column":15}},"23":{"start":{"line":24,"column":0},"end":{"line":24,"column":81}},"24":{"start":{"line":25,"column":0},"end":{"line":25,"column":43}},"26":{"start":{"line":27,"column":0},"end":{"line":27,"column":26}},"27":{"start":{"line":28,"column":0},"end":{"line":28,"column":17}},"29":{"start":{"line":30,"column":0},"end":{"line":30,"column":81}},"30":{"start":{"line":31,"column":0},"end":{"line":31,"column":22}},"31":{"start":{"line":32,"column":0},"end":{"line":32,"column":34}},"32":{"start":{"line":33,"column":0},"end":{"line":33,"column":35}},"33":{"start":{"line":34,"column":0},"end":{"line":34,"column":28}},"34":{"start":{"line":35,"column":0},"end":{"line":35,"column":79}},"35":{"start":{"line":36,"column":0},"end":{"line":36,"column":48}},"37":{"start":{"line":38,"column":0},"end":{"line":38,"column":64}},"39":{"start":{"line":40,"column":0},"end":{"line":40,"column":24}},"40":{"start":{"line":41,"column":0},"end":{"line":41,"column":18}},"42":{"start":{"line":43,"column":0},"end":{"line":43,"column":58}},"43":{"start":{"line":44,"column":0},"end":{"line":44,"column":27}},"44":{"start":{"line":45,"column":0},"end":{"line":45,"column":37}},"45":{"start":{"line":46,"column":0},"end":{"line":46,"column":55}},"46":{"start":{"line":47,"column":0},"end":{"line":47,"column":43}},"47":{"start":{"line":48,"column":0},"end":{"line":48,"column":53}},"48":{"start":{"line":49,"column":0},"end":{"line":49,"column":51}},"49":{"start":{"line":50,"column":0},"end":{"line":50,"column":18}},"50":{"start":{"line":51,"column":0},"end":{"line":51,"column":18}},"51":{"start":{"line":52,"column":0},"end":{"line":52,"column":14}},"53":{"start":{"line":54,"column":0},"end":{"line":54,"column":2}},"55":{"start":{"line":56,"column":0},"end":{"line":56,"column":25}}},"s":{"1":1,"10":1,"11":1,"12":1,"13":1,"14":1,"15":1,"16":1,"17":1,"18":1,"19":1,"20":1,"21":1,"22":1,"23":1,"24":1,"26":1,"27":1,"29":1,"30":1,"31":1,"32":1,"33":1,"34":1,"35":1,"37":1,"39":1,"40":1,"42":1,"43":1,"44":1,"45":1,"46":1,"47":1,"48":1,"49":1,"50":1,"51":1,"53":1,"55":1},"branchMap":{"0":{"type":"branch","line":11,"loc":{"start":{"line":11,"column":53},"end":{"line":54,"column":2}},"locations":[{"start":{"line":11,"column":53},"end":{"line":54,"column":2}}]}},"b":{"0":[1]},"fnMap":{"0":{"name":"VideoQuiz","decl":{"start":{"line":11,"column":53},"end":{"line":54,"column":2}},"loc":{"start":{"line":11,"column":53},"end":{"line":54,"column":2}},"line":11}},"f":{"0":1}}
,"/Users/serinuntius/src/github.com/noplan-inc/quiz-front-poc/src/components/quiz/index.ts": {"path":"/Users/serinuntius/src/github.com/noplan-inc/quiz-front-poc/src/components/quiz/index.ts","all":true,"statementMap":{"0":{"start":{"line":1,"column":0},"end":{"line":1,"column":36}},"1":{"start":{"line":2,"column":0},"end":{"line":2,"column":38}},"2":{"start":{"line":3,"column":0},"end":{"line":3,"column":52}},"3":{"start":{"line":4,"column":0},"end":{"line":4,"column":36}},"4":{"start":{"line":5,"column":0},"end":{"line":5,"column":52}},"5":{"start":{"line":6,"column":0},"end":{"line":6,"column":34}},"6":{"start":{"line":7,"column":0},"end":{"line":7,"column":34}},"7":{"start":{"line":8,"column":0},"end":{"line":8,"column":36}}},"s":{"0":0,"1":0,"2":0,"3":0,"4":0,"5":0,"6":0,"7":0},"branchMap":{"0":{"type":"branch","line":1,"loc":{"start":{"line":1,"column":0},"end":{"line":19,"column":-302}},"locations":[{"start":{"line":1,"column":0},"end":{"line":19,"column":-302}}]}},"b":{"0":[0]},"fnMap":{"0":{"name":"(empty-report)","decl":{"start":{"line":1,"column":0},"end":{"line":19,"column":-302}},"loc":{"start":{"line":1,"column":0},"end":{"line":19,"column":-302}},"line":1}},"f":{"0":0}}
,"/Users/serinuntius/src/github.com/noplan-inc/quiz-front-poc/src/types/quiz.ts": {"path":"/Users/serinuntius/src/github.com/noplan-inc/quiz-front-poc/src/types/quiz.ts","all":true,"statementMap":{},"s":{},"branchMap":{"0":{"type":"branch","line":1,"loc":{"start":{"line":1,"column":2923},"end":{"line":179,"column":27}},"locations":[{"start":{"line":1,"column":2923},"end":{"line":179,"column":27}}]}},"b":{"0":[1]},"fnMap":{"0":{"name":"(empty-report)","decl":{"start":{"line":1,"column":2923},"end":{"line":179,"column":27}},"loc":{"start":{"line":1,"column":2923},"end":{"line":179,"column":27}},"line":1}},"f":{"0":1}}
}
