{"/Users/serinuntius/src/github.com/noplan-inc/quiz-front-poc/postcss.config.js": {"path":"/Users/serinuntius/src/github.com/noplan-inc/quiz-front-poc/postcss.config.js","all":true,"statementMap":{"0":{"start":{"line":1,"column":0},"end":{"line":1,"column":16}},"1":{"start":{"line":2,"column":0},"end":{"line":2,"column":12}},"2":{"start":{"line":3,"column":0},"end":{"line":3,"column":20}},"3":{"start":{"line":4,"column":0},"end":{"line":4,"column":21}},"4":{"start":{"line":5,"column":0},"end":{"line":5,"column":4}},"5":{"start":{"line":6,"column":0},"end":{"line":6,"column":2}}},"s":{"0":0,"1":0,"2":0,"3":0,"4":0,"5":0},"branchMap":{"0":{"type":"branch","line":1,"loc":{"start":{"line":1,"column":0},"end":{"line":6,"column":-11}},"locations":[{"start":{"line":1,"column":0},"end":{"line":6,"column":-11}}]}},"b":{"0":[0]},"fnMap":{"0":{"name":"(empty-report)","decl":{"start":{"line":1,"column":0},"end":{"line":6,"column":-11}},"loc":{"start":{"line":1,"column":0},"end":{"line":6,"column":-11}},"line":1}},"f":{"0":0}}
,"/Users/serinuntius/src/github.com/noplan-inc/quiz-front-poc/tailwind.config.js": {"path":"/Users/serinuntius/src/github.com/noplan-inc/quiz-front-poc/tailwind.config.js","all":true,"statementMap":{"0":{"start":{"line":1,"column":0},"end":{"line":1,"column":43}},"1":{"start":{"line":2,"column":0},"end":{"line":2,"column":16}},"2":{"start":{"line":3,"column":0},"end":{"line":3,"column":22}},"3":{"start":{"line":4,"column":0},"end":{"line":4,"column":58}},"4":{"start":{"line":5,"column":0},"end":{"line":5,"column":10}},"5":{"start":{"line":6,"column":0},"end":{"line":6,"column":13}},"6":{"start":{"line":7,"column":0},"end":{"line":7,"column":21}},"7":{"start":{"line":8,"column":0},"end":{"line":8,"column":28}},"8":{"start":{"line":9,"column":0},"end":{"line":9,"column":40}},"9":{"start":{"line":10,"column":0},"end":{"line":10,"column":40}},"10":{"start":{"line":11,"column":0},"end":{"line":11,"column":8}},"11":{"start":{"line":12,"column":0},"end":{"line":12,"column":15}},"12":{"start":{"line":13,"column":0},"end":{"line":13,"column":45}},"13":{"start":{"line":14,"column":0},"end":{"line":14,"column":45}},"14":{"start":{"line":15,"column":0},"end":{"line":15,"column":15}},"15":{"start":{"line":16,"column":0},"end":{"line":16,"column":38}},"16":{"start":{"line":17,"column":0},"end":{"line":17,"column":52}},"17":{"start":{"line":18,"column":0},"end":{"line":18,"column":10}},"18":{"start":{"line":19,"column":0},"end":{"line":19,"column":18}},"19":{"start":{"line":20,"column":0},"end":{"line":20,"column":41}},"20":{"start":{"line":21,"column":0},"end":{"line":21,"column":55}},"21":{"start":{"line":22,"column":0},"end":{"line":22,"column":10}},"22":{"start":{"line":23,"column":0},"end":{"line":23,"column":18}},"23":{"start":{"line":24,"column":0},"end":{"line":24,"column":41}},"24":{"start":{"line":25,"column":0},"end":{"line":25,"column":55}},"25":{"start":{"line":26,"column":0},"end":{"line":26,"column":10}},"26":{"start":{"line":27,"column":0},"end":{"line":27,"column":20}},"27":{"start":{"line":28,"column":0},"end":{"line":28,"column":43}},"28":{"start":{"line":29,"column":0},"end":{"line":29,"column":57}},"29":{"start":{"line":30,"column":0},"end":{"line":30,"column":10}},"30":{"start":{"line":31,"column":0},"end":{"line":31,"column":16}},"31":{"start":{"line":32,"column":0},"end":{"line":32,"column":39}},"32":{"start":{"line":33,"column":0},"end":{"line":33,"column":53}},"33":{"start":{"line":34,"column":0},"end":{"line":34,"column":10}},"34":{"start":{"line":35,"column":0},"end":{"line":35,"column":17}},"35":{"start":{"line":36,"column":0},"end":{"line":36,"column":40}},"36":{"start":{"line":37,"column":0},"end":{"line":37,"column":54}},"37":{"start":{"line":38,"column":0},"end":{"line":38,"column":10}},"38":{"start":{"line":39,"column":0},"end":{"line":39,"column":22}},"39":{"start":{"line":40,"column":0},"end":{"line":40,"column":45}},"40":{"start":{"line":41,"column":0},"end":{"line":41,"column":59}},"41":{"start":{"line":42,"column":0},"end":{"line":42,"column":10}},"42":{"start":{"line":43,"column":0},"end":{"line":43,"column":37}},"43":{"start":{"line":44,"column":0},"end":{"line":44,"column":35}},"44":{"start":{"line":45,"column":0},"end":{"line":45,"column":33}},"45":{"start":{"line":46,"column":0},"end":{"line":46,"column":16}},"46":{"start":{"line":47,"column":0},"end":{"line":47,"column":35}},"47":{"start":{"line":48,"column":0},"end":{"line":48,"column":35}},"48":{"start":{"line":49,"column":0},"end":{"line":49,"column":35}},"49":{"start":{"line":50,"column":0},"end":{"line":50,"column":35}},"50":{"start":{"line":51,"column":0},"end":{"line":51,"column":35}},"51":{"start":{"line":52,"column":0},"end":{"line":52,"column":10}},"52":{"start":{"line":53,"column":0},"end":{"line":53,"column":8}},"53":{"start":{"line":54,"column":0},"end":{"line":54,"column":6}},"54":{"start":{"line":55,"column":0},"end":{"line":55,"column":4}},"55":{"start":{"line":56,"column":0},"end":{"line":56,"column":44}},"56":{"start":{"line":57,"column":0},"end":{"line":57,"column":2}}},"s":{"0":0,"1":0,"2":0,"3":0,"4":0,"5":0,"6":0,"7":0,"8":0,"9":0,"10":0,"11":0,"12":0,"13":0,"14":0,"15":0,"16":0,"17":0,"18":0,"19":0,"20":0,"21":0,"22":0,"23":0,"24":0,"25":0,"26":0,"27":0,"28":0,"29":0,"30":0,"31":0,"32":0,"33":0,"34":0,"35":0,"36":0,"37":0,"38":0,"39":0,"40":0,"41":0,"42":0,"43":0,"44":0,"45":0,"46":0,"47":0,"48":0,"49":0,"50":0,"51":0,"52":0,"53":0,"54":0,"55":0,"56":0},"branchMap":{"0":{"type":"branch","line":1,"loc":{"start":{"line":1,"column":0},"end":{"line":57,"column":-13}},"locations":[{"start":{"line":1,"column":0},"end":{"line":57,"column":-13}}]}},"b":{"0":[0]},"fnMap":{"0":{"name":"(empty-report)","decl":{"start":{"line":1,"column":0},"end":{"line":57,"column":-13}},"loc":{"start":{"line":1,"column":0},"end":{"line":57,"column":-13}},"line":1}},"f":{"0":0}}
,"/Users/serinuntius/src/github.com/noplan-inc/quiz-front-poc/src/App.tsx": {"path":"/Users/serinuntius/src/github.com/noplan-inc/quiz-front-poc/src/App.tsx","all":true,"statementMap":{"0":{"start":{"line":1,"column":0},"end":{"line":1,"column":19}},"1":{"start":{"line":2,"column":0},"end":{"line":2,"column":43}},"3":{"start":{"line":4,"column":0},"end":{"line":4,"column":16}},"4":{"start":{"line":5,"column":0},"end":{"line":5,"column":12}},"5":{"start":{"line":6,"column":0},"end":{"line":6,"column":35}},"6":{"start":{"line":7,"column":0},"end":{"line":7,"column":23}},"7":{"start":{"line":8,"column":0},"end":{"line":8,"column":14}},"9":{"start":{"line":10,"column":0},"end":{"line":10,"column":1}},"11":{"start":{"line":12,"column":0},"end":{"line":12,"column":19}}},"s":{"0":0,"1":0,"3":0,"4":0,"5":0,"6":0,"7":0,"9":0,"11":0},"branchMap":{"0":{"type":"branch","line":1,"loc":{"start":{"line":1,"column":143},"end":{"line":12,"column":-117}},"locations":[{"start":{"line":1,"column":143},"end":{"line":12,"column":-117}}]}},"b":{"0":[0]},"fnMap":{"0":{"name":"(empty-report)","decl":{"start":{"line":1,"column":143},"end":{"line":12,"column":-117}},"loc":{"start":{"line":1,"column":143},"end":{"line":12,"column":-117}},"line":1}},"f":{"0":0}}
,"/Users/serinuntius/src/github.com/noplan-inc/quiz-front-poc/src/main.tsx": {"path":"/Users/serinuntius/src/github.com/noplan-inc/quiz-front-poc/src/main.tsx","all":true,"statementMap":{"0":{"start":{"line":1,"column":0},"end":{"line":1,"column":35}},"1":{"start":{"line":2,"column":0},"end":{"line":2,"column":46}},"2":{"start":{"line":3,"column":0},"end":{"line":3,"column":21}},"3":{"start":{"line":4,"column":0},"end":{"line":4,"column":28}},"5":{"start":{"line":6,"column":0},"end":{"line":6,"column":52}},"7":{"start":{"line":8,"column":0},"end":{"line":8,"column":19}},"8":{"start":{"line":9,"column":0},"end":{"line":9,"column":45}},"9":{"start":{"line":10,"column":0},"end":{"line":10,"column":1}},"11":{"start":{"line":12,"column":0},"end":{"line":12,"column":31}},"12":{"start":{"line":13,"column":0},"end":{"line":13,"column":16}},"13":{"start":{"line":14,"column":0},"end":{"line":14,"column":15}},"14":{"start":{"line":15,"column":0},"end":{"line":15,"column":17}},"15":{"start":{"line":16,"column":0},"end":{"line":16,"column":2}}},"s":{"0":0,"1":0,"2":0,"3":0,"5":0,"7":0,"8":0,"9":0,"11":0,"12":0,"13":0,"14":0,"15":0},"branchMap":{"0":{"type":"branch","line":1,"loc":{"start":{"line":1,"column":315},"end":{"line":16,"column":-237}},"locations":[{"start":{"line":1,"column":315},"end":{"line":16,"column":-237}}]}},"b":{"0":[0]},"fnMap":{"0":{"name":"(empty-report)","decl":{"start":{"line":1,"column":315},"end":{"line":16,"column":-237}},"loc":{"start":{"line":1,"column":315},"end":{"line":16,"column":-237}},"line":1}},"f":{"0":0}}
,"/Users/serinuntius/src/github.com/noplan-inc/quiz-front-poc/src/components/QuizApp.tsx": {"path":"/Users/serinuntius/src/github.com/noplan-inc/quiz-front-poc/src/components/QuizApp.tsx","all":false,"statementMap":{"0":{"start":{"line":1,"column":0},"end":{"line":1,"column":33}},"2":{"start":{"line":3,"column":0},"end":{"line":3,"column":46}},"3":{"start":{"line":4,"column":0},"end":{"line":4,"column":42}},"4":{"start":{"line":5,"column":0},"end":{"line":5,"column":54}},"6":{"start":{"line":7,"column":0},"end":{"line":7,"column":33}},"7":{"start":{"line":8,"column":0},"end":{"line":8,"column":59}},"8":{"start":{"line":9,"column":0},"end":{"line":9,"column":58}},"10":{"start":{"line":11,"column":0},"end":{"line":11,"column":38}},"11":{"start":{"line":12,"column":0},"end":{"line":12,"column":29}},"12":{"start":{"line":13,"column":0},"end":{"line":13,"column":6}},"14":{"start":{"line":15,"column":0},"end":{"line":15,"column":33}},"15":{"start":{"line":16,"column":0},"end":{"line":16,"column":30}},"16":{"start":{"line":17,"column":0},"end":{"line":17,"column":6}},"18":{"start":{"line":19,"column":0},"end":{"line":19,"column":12}},"19":{"start":{"line":20,"column":0},"end":{"line":20,"column":49}},"20":{"start":{"line":21,"column":0},"end":{"line":21,"column":29}},"21":{"start":{"line":22,"column":0},"end":{"line":22,"column":31}},"22":{"start":{"line":23,"column":0},"end":{"line":23,"column":37}},"23":{"start":{"line":24,"column":0},"end":{"line":24,"column":51}},"24":{"start":{"line":25,"column":0},"end":{"line":25,"column":18}},"26":{"start":{"line":27,"column":0},"end":{"line":27,"column":58}},"28":{"start":{"line":29,"column":0},"end":{"line":29,"column":14}},"30":{"start":{"line":31,"column":0},"end":{"line":31,"column":2}},"32":{"start":{"line":33,"column":0},"end":{"line":33,"column":23}}},"s":{"0":1,"2":1,"3":1,"4":1,"6":1,"7":6,"8":6,"10":6,"11":2,"12":2,"14":6,"15":1,"16":1,"18":6,"19":6,"20":6,"21":4,"22":4,"23":4,"24":4,"26":2,"28":6,"30":6,"32":1},"branchMap":{"0":{"type":"branch","line":7,"loc":{"start":{"line":7,"column":26},"end":{"line":31,"column":2}},"locations":[{"start":{"line":7,"column":26},"end":{"line":31,"column":2}}]},"1":{"type":"branch","line":21,"loc":{"start":{"line":21,"column":14},"end":{"line":25,"column":18}},"locations":[{"start":{"line":21,"column":14},"end":{"line":25,"column":18}}]},"2":{"type":"branch","line":25,"loc":{"start":{"line":25,"column":16},"end":{"line":27,"column":58}},"locations":[{"start":{"line":25,"column":16},"end":{"line":27,"column":58}}]},"3":{"type":"branch","line":11,"loc":{"start":{"line":11,"column":31},"end":{"line":13,"column":6}},"locations":[{"start":{"line":11,"column":31},"end":{"line":13,"column":6}}]},"4":{"type":"branch","line":15,"loc":{"start":{"line":15,"column":26},"end":{"line":17,"column":6}},"locations":[{"start":{"line":15,"column":26},"end":{"line":17,"column":6}}]}},"b":{"0":[6],"1":[4],"2":[2],"3":[2],"4":[1]},"fnMap":{"0":{"name":"QuizApp","decl":{"start":{"line":7,"column":26},"end":{"line":31,"column":2}},"loc":{"start":{"line":7,"column":26},"end":{"line":31,"column":2}},"line":7},"1":{"name":"handleQuizComplete","decl":{"start":{"line":11,"column":31},"end":{"line":13,"column":6}},"loc":{"start":{"line":11,"column":31},"end":{"line":13,"column":6}},"line":11},"2":{"name":"handleRestart","decl":{"start":{"line":15,"column":26},"end":{"line":17,"column":6}},"loc":{"start":{"line":15,"column":26},"end":{"line":17,"column":6}},"line":15}},"f":{"0":6,"1":2,"2":1}}
,"/Users/serinuntius/src/github.com/noplan-inc/quiz-front-poc/src/components/QuizComplete.tsx": {"path":"/Users/serinuntius/src/github.com/noplan-inc/quiz-front-poc/src/components/QuizComplete.tsx","all":false,"statementMap":{"0":{"start":{"line":1,"column":0},"end":{"line":1,"column":39}},"6":{"start":{"line":7,"column":0},"end":{"line":7,"column":70}},"7":{"start":{"line":8,"column":0},"end":{"line":8,"column":12}},"8":{"start":{"line":9,"column":0},"end":{"line":9,"column":19}},"9":{"start":{"line":10,"column":0},"end":{"line":10,"column":43}},"10":{"start":{"line":11,"column":0},"end":{"line":11,"column":42}},"11":{"start":{"line":12,"column":0},"end":{"line":12,"column":42}},"12":{"start":{"line":13,"column":0},"end":{"line":13,"column":80}},"14":{"start":{"line":15,"column":0},"end":{"line":15,"column":84}},"15":{"start":{"line":16,"column":0},"end":{"line":16,"column":67}},"16":{"start":{"line":17,"column":0},"end":{"line":17,"column":50}},"18":{"start":{"line":19,"column":0},"end":{"line":19,"column":20}},"20":{"start":{"line":21,"column":0},"end":{"line":21,"column":31}},"21":{"start":{"line":22,"column":0},"end":{"line":22,"column":27}},"22":{"start":{"line":23,"column":0},"end":{"line":23,"column":43}},"23":{"start":{"line":24,"column":0},"end":{"line":24,"column":142}},"24":{"start":{"line":25,"column":0},"end":{"line":25,"column":37}},"25":{"start":{"line":26,"column":0},"end":{"line":26,"column":21}},"27":{"start":{"line":28,"column":0},"end":{"line":28,"column":29}},"29":{"start":{"line":30,"column":0},"end":{"line":30,"column":18}},"30":{"start":{"line":31,"column":0},"end":{"line":31,"column":21}},"32":{"start":{"line":33,"column":0},"end":{"line":33,"column":2}},"34":{"start":{"line":35,"column":0},"end":{"line":35,"column":28}}},"s":{"0":1,"6":1,"7":4,"8":4,"9":4,"10":4,"11":4,"12":4,"14":4,"15":4,"16":4,"18":4,"20":4,"21":2,"22":2,"23":2,"24":2,"25":2,"27":2,"29":4,"30":4,"32":4,"34":1},"branchMap":{"0":{"type":"branch","line":7,"loc":{"start":{"line":7,"column":50},"end":{"line":33,"column":2}},"locations":[{"start":{"line":7,"column":50},"end":{"line":33,"column":2}}]},"1":{"type":"branch","line":21,"loc":{"start":{"line":21,"column":17},"end":{"line":28,"column":29}},"locations":[{"start":{"line":21,"column":17},"end":{"line":28,"column":29}}]}},"b":{"0":[4],"1":[2]},"fnMap":{"0":{"name":"QuizComplete","decl":{"start":{"line":7,"column":50},"end":{"line":33,"column":2}},"loc":{"start":{"line":7,"column":50},"end":{"line":33,"column":2}},"line":7}},"f":{"0":4}}
,"/Users/serinuntius/src/github.com/noplan-inc/quiz-front-poc/src/components/QuizDemo.tsx": {"path":"/Users/serinuntius/src/github.com/noplan-inc/quiz-front-poc/src/components/QuizDemo.tsx","all":true,"statementMap":{"0":{"start":{"line":1,"column":0},"end":{"line":1,"column":54}},"1":{"start":{"line":2,"column":0},"end":{"line":2,"column":33}},"2":{"start":{"line":3,"column":0},"end":{"line":3,"column":34}},"4":{"start":{"line":5,"column":0},"end":{"line":5,"column":24}},"5":{"start":{"line":6,"column":0},"end":{"line":6,"column":72}},"7":{"start":{"line":8,"column":0},"end":{"line":8,"column":64}},"8":{"start":{"line":9,"column":0},"end":{"line":9,"column":39}},"9":{"start":{"line":10,"column":0},"end":{"line":10,"column":20}},"10":{"start":{"line":11,"column":0},"end":{"line":11,"column":31}},"11":{"start":{"line":12,"column":0},"end":{"line":12,"column":12}},"12":{"start":{"line":13,"column":0},"end":{"line":13,"column":6}},"14":{"start":{"line":15,"column":0},"end":{"line":15,"column":12}},"15":{"start":{"line":16,"column":0},"end":{"line":16,"column":53}},"16":{"start":{"line":17,"column":0},"end":{"line":17,"column":64}},"18":{"start":{"line":19,"column":0},"end":{"line":19,"column":17}},"20":{"start":{"line":21,"column":0},"end":{"line":21,"column":39}},"21":{"start":{"line":22,"column":0},"end":{"line":22,"column":46}},"22":{"start":{"line":23,"column":0},"end":{"line":23,"column":61}},"23":{"start":{"line":24,"column":0},"end":{"line":24,"column":33}},"24":{"start":{"line":25,"column":0},"end":{"line":25,"column":37}},"25":{"start":{"line":26,"column":0},"end":{"line":26,"column":51}},"26":{"start":{"line":27,"column":0},"end":{"line":27,"column":63}},"28":{"start":{"line":29,"column":0},"end":{"line":29,"column":26}},"29":{"start":{"line":30,"column":0},"end":{"line":30,"column":26}},"30":{"start":{"line":31,"column":0},"end":{"line":31,"column":19}},"31":{"start":{"line":32,"column":0},"end":{"line":32,"column":18}},"32":{"start":{"line":33,"column":0},"end":{"line":33,"column":14}},"34":{"start":{"line":35,"column":0},"end":{"line":35,"column":2}},"36":{"start":{"line":37,"column":0},"end":{"line":37,"column":24}}},"s":{"0":0,"1":0,"2":0,"4":0,"5":0,"7":0,"8":0,"9":0,"10":0,"11":0,"12":0,"14":0,"15":0,"16":0,"18":0,"20":0,"21":0,"22":0,"23":0,"24":0,"25":0,"26":0,"28":0,"29":0,"30":0,"31":0,"32":0,"34":0,"36":0},"branchMap":{"0":{"type":"branch","line":1,"loc":{"start":{"line":1,"column":482},"end":{"line":37,"column":-580}},"locations":[{"start":{"line":1,"column":482},"end":{"line":37,"column":-580}}]}},"b":{"0":[0]},"fnMap":{"0":{"name":"(empty-report)","decl":{"start":{"line":1,"column":482},"end":{"line":37,"column":-580}},"loc":{"start":{"line":1,"column":482},"end":{"line":37,"column":-580}},"line":1}},"f":{"0":0}}
,"/Users/serinuntius/src/github.com/noplan-inc/quiz-front-poc/src/components/SingleQuizView.tsx": {"path":"/Users/serinuntius/src/github.com/noplan-inc/quiz-front-poc/src/components/SingleQuizView.tsx","all":false,"statementMap":{"0":{"start":{"line":1,"column":0},"end":{"line":1,"column":33}},"1":{"start":{"line":2,"column":0},"end":{"line":2,"column":56}},"3":{"start":{"line":4,"column":0},"end":{"line":4,"column":34}},"10":{"start":{"line":11,"column":0},"end":{"line":11,"column":56}},"11":{"start":{"line":12,"column":0},"end":{"line":12,"column":12}},"12":{"start":{"line":13,"column":0},"end":{"line":13,"column":15}},"13":{"start":{"line":14,"column":0},"end":{"line":14,"column":7}},"14":{"start":{"line":15,"column":0},"end":{"line":15,"column":64}},"15":{"start":{"line":16,"column":0},"end":{"line":16,"column":74}},"16":{"start":{"line":17,"column":0},"end":{"line":17,"column":52}},"19":{"start":{"line":20,"column":0},"end":{"line":20,"column":50}},"22":{"start":{"line":23,"column":0},"end":{"line":23,"column":32}},"23":{"start":{"line":24,"column":0},"end":{"line":24,"column":52}},"24":{"start":{"line":25,"column":0},"end":{"line":25,"column":28}},"25":{"start":{"line":26,"column":0},"end":{"line":26,"column":30}},"26":{"start":{"line":27,"column":0},"end":{"line":27,"column":58}},"27":{"start":{"line":28,"column":0},"end":{"line":28,"column":35}},"28":{"start":{"line":29,"column":0},"end":{"line":29,"column":20}},"29":{"start":{"line":30,"column":0},"end":{"line":30,"column":16}},"31":{"start":{"line":32,"column":0},"end":{"line":32,"column":29}},"32":{"start":{"line":33,"column":0},"end":{"line":33,"column":29}},"33":{"start":{"line":34,"column":0},"end":{"line":34,"column":13}},"34":{"start":{"line":35,"column":0},"end":{"line":35,"column":9}},"35":{"start":{"line":36,"column":0},"end":{"line":36,"column":6}},"38":{"start":{"line":39,"column":0},"end":{"line":39,"column":48}},"39":{"start":{"line":40,"column":0},"end":{"line":40,"column":26}},"42":{"start":{"line":43,"column":0},"end":{"line":43,"column":26}},"43":{"start":{"line":44,"column":0},"end":{"line":44,"column":27}},"44":{"start":{"line":45,"column":0},"end":{"line":45,"column":17}},"45":{"start":{"line":46,"column":0},"end":{"line":46,"column":6}},"48":{"start":{"line":49,"column":0},"end":{"line":49,"column":22}},"49":{"start":{"line":50,"column":0},"end":{"line":50,"column":40}},"50":{"start":{"line":51,"column":0},"end":{"line":51,"column":44}},"51":{"start":{"line":52,"column":0},"end":{"line":52,"column":23}},"52":{"start":{"line":53,"column":0},"end":{"line":53,"column":11}},"53":{"start":{"line":54,"column":0},"end":{"line":54,"column":17}},"54":{"start":{"line":55,"column":0},"end":{"line":55,"column":17}},"55":{"start":{"line":56,"column":0},"end":{"line":56,"column":23}},"56":{"start":{"line":57,"column":0},"end":{"line":57,"column":10}},"57":{"start":{"line":58,"column":0},"end":{"line":58,"column":39}},"58":{"start":{"line":59,"column":0},"end":{"line":59,"column":44}},"59":{"start":{"line":60,"column":0},"end":{"line":60,"column":23}},"60":{"start":{"line":61,"column":0},"end":{"line":61,"column":11}},"61":{"start":{"line":62,"column":0},"end":{"line":62,"column":6}},"63":{"start":{"line":64,"column":0},"end":{"line":64,"column":12}},"64":{"start":{"line":65,"column":0},"end":{"line":65,"column":82}},"65":{"start":{"line":66,"column":0},"end":{"line":66,"column":54}},"67":{"start":{"line":68,"column":0},"end":{"line":68,"column":43}},"68":{"start":{"line":69,"column":0},"end":{"line":69,"column":71}},"69":{"start":{"line":70,"column":0},"end":{"line":70,"column":62}},"70":{"start":{"line":71,"column":0},"end":{"line":71,"column":70}},"71":{"start":{"line":72,"column":0},"end":{"line":72,"column":31}},"72":{"start":{"line":73,"column":0},"end":{"line":73,"column":84}},"73":{"start":{"line":74,"column":0},"end":{"line":74,"column":32}},"74":{"start":{"line":75,"column":0},"end":{"line":75,"column":102}},"75":{"start":{"line":76,"column":0},"end":{"line":76,"column":40}},"76":{"start":{"line":77,"column":0},"end":{"line":77,"column":46}},"77":{"start":{"line":78,"column":0},"end":{"line":78,"column":65}},"78":{"start":{"line":79,"column":0},"end":{"line":79,"column":61}},"79":{"start":{"line":80,"column":0},"end":{"line":80,"column":43}},"80":{"start":{"line":81,"column":0},"end":{"line":81,"column":40}},"81":{"start":{"line":82,"column":0},"end":{"line":82,"column":34}},"82":{"start":{"line":83,"column":0},"end":{"line":83,"column":35}},"83":{"start":{"line":84,"column":0},"end":{"line":84,"column":30}},"84":{"start":{"line":85,"column":0},"end":{"line":85,"column":26}},"85":{"start":{"line":86,"column":0},"end":{"line":86,"column":22}},"88":{"start":{"line":89,"column":0},"end":{"line":89,"column":84}},"89":{"start":{"line":90,"column":0},"end":{"line":90,"column":68}},"90":{"start":{"line":91,"column":0},"end":{"line":91,"column":35}},"91":{"start":{"line":92,"column":0},"end":{"line":92,"column":50}},"92":{"start":{"line":93,"column":0},"end":{"line":93,"column":46}},"93":{"start":{"line":94,"column":0},"end":{"line":94,"column":47}},"94":{"start":{"line":95,"column":0},"end":{"line":95,"column":43}},"95":{"start":{"line":96,"column":0},"end":{"line":96,"column":44}},"96":{"start":{"line":97,"column":0},"end":{"line":97,"column":39}},"97":{"start":{"line":98,"column":0},"end":{"line":98,"column":41}},"98":{"start":{"line":99,"column":0},"end":{"line":99,"column":36}},"99":{"start":{"line":100,"column":0},"end":{"line":100,"column":51}},"100":{"start":{"line":101,"column":0},"end":{"line":101,"column":51}},"101":{"start":{"line":102,"column":0},"end":{"line":102,"column":48}},"102":{"start":{"line":103,"column":0},"end":{"line":103,"column":34}},"103":{"start":{"line":104,"column":0},"end":{"line":104,"column":59}},"104":{"start":{"line":105,"column":0},"end":{"line":105,"column":30}},"105":{"start":{"line":106,"column":0},"end":{"line":106,"column":60}},"107":{"start":{"line":108,"column":0},"end":{"line":108,"column":37}},"108":{"start":{"line":109,"column":0},"end":{"line":109,"column":48}},"109":{"start":{"line":110,"column":0},"end":{"line":110,"column":55}},"110":{"start":{"line":111,"column":0},"end":{"line":111,"column":30}},"111":{"start":{"line":112,"column":0},"end":{"line":112,"column":37}},"112":{"start":{"line":113,"column":0},"end":{"line":113,"column":38}},"113":{"start":{"line":114,"column":0},"end":{"line":114,"column":22}},"114":{"start":{"line":115,"column":0},"end":{"line":115,"column":18}},"115":{"start":{"line":116,"column":0},"end":{"line":116,"column":14}},"117":{"start":{"line":118,"column":0},"end":{"line":118,"column":2}},"119":{"start":{"line":120,"column":0},"end":{"line":120,"column":30}}},"s":{"0":1,"1":1,"3":1,"10":1,"11":10,"12":10,"13":10,"14":10,"15":10,"16":10,"19":10,"22":10,"23":3,"24":2,"25":2,"26":2,"27":2,"28":2,"29":3,"31":1,"32":1,"33":1,"34":1,"35":3,"38":10,"39":3,"42":3,"43":3,"44":3,"45":3,"48":10,"49":10,"50":0,"51":0,"52":0,"53":10,"54":10,"55":10,"56":10,"57":10,"58":0,"59":0,"60":0,"61":10,"63":10,"64":10,"65":10,"67":10,"68":10,"69":10,"70":10,"71":10,"72":10,"73":10,"74":10,"75":10,"76":10,"77":10,"78":10,"79":10,"80":10,"81":10,"82":10,"83":10,"84":10,"85":10,"88":10,"89":10,"90":10,"91":10,"92":10,"93":10,"94":10,"95":10,"96":10,"97":10,"98":10,"99":10,"100":10,"101":10,"102":10,"103":10,"104":10,"105":10,"107":10,"108":10,"109":10,"110":10,"111":10,"112":10,"113":10,"114":10,"115":10,"117":10,"119":1},"branchMap":{"0":{"type":"branch","line":11,"loc":{"start":{"line":11,"column":54},"end":{"line":118,"column":2}},"locations":[{"start":{"line":11,"column":54},"end":{"line":118,"column":2}}]},"1":{"type":"branch","line":23,"loc":{"start":{"line":23,"column":25},"end":{"line":36,"column":6}},"locations":[{"start":{"line":23,"column":25},"end":{"line":36,"column":6}}]},"2":{"type":"branch","line":24,"loc":{"start":{"line":24,"column":51},"end":{"line":30,"column":15}},"locations":[{"start":{"line":24,"column":51},"end":{"line":30,"column":15}}]},"3":{"type":"branch","line":30,"loc":{"start":{"line":30,"column":8},"end":{"line":35,"column":9}},"locations":[{"start":{"line":30,"column":8},"end":{"line":35,"column":9}}]},"4":{"type":"branch","line":26,"loc":{"start":{"line":26,"column":23},"end":{"line":29,"column":15}},"locations":[{"start":{"line":26,"column":23},"end":{"line":29,"column":15}}]},"5":{"type":"branch","line":39,"loc":{"start":{"line":39,"column":25},"end":{"line":46,"column":6}},"locations":[{"start":{"line":39,"column":25},"end":{"line":46,"column":6}}]},"6":{"type":"branch","line":43,"loc":{"start":{"line":43,"column":19},"end":{"line":45,"column":11}},"locations":[{"start":{"line":43,"column":19},"end":{"line":45,"column":11}}]}},"b":{"0":[10],"1":[3],"2":[2],"3":[1],"4":[2],"5":[3],"6":[3]},"fnMap":{"0":{"name":"SingleQuizView","decl":{"start":{"line":11,"column":54},"end":{"line":118,"column":2}},"loc":{"start":{"line":11,"column":54},"end":{"line":118,"column":2}},"line":11},"1":{"name":"goToNextQuiz","decl":{"start":{"line":23,"column":25},"end":{"line":36,"column":6}},"loc":{"start":{"line":23,"column":25},"end":{"line":36,"column":6}},"line":23},"2":{"name":"handleAnswer","decl":{"start":{"line":39,"column":25},"end":{"line":46,"column":6}},"loc":{"start":{"line":39,"column":25},"end":{"line":46,"column":6}},"line":39},"3":{"name":"enter","decl":{"start":{"line":50,"column":15},"end":{"line":53,"column":11}},"loc":{"start":{"line":50,"column":15},"end":{"line":53,"column":11}},"line":50},"4":{"name":"exit","decl":{"start":{"line":58,"column":14},"end":{"line":61,"column":11}},"loc":{"start":{"line":58,"column":14},"end":{"line":61,"column":11}},"line":58}},"f":{"0":10,"1":3,"2":3,"3":0,"4":0}}
,"/Users/serinuntius/src/github.com/noplan-inc/quiz-front-poc/src/components/quiz/AudioQuiz.tsx": {"path":"/Users/serinuntius/src/github.com/noplan-inc/quiz-front-poc/src/components/quiz/AudioQuiz.tsx","all":false,"statementMap":{"1":{"start":{"line":2,"column":0},"end":{"line":2,"column":61}},"10":{"start":{"line":11,"column":0},"end":{"line":11,"column":55}},"11":{"start":{"line":12,"column":0},"end":{"line":12,"column":13}},"12":{"start":{"line":13,"column":0},"end":{"line":13,"column":12}},"13":{"start":{"line":14,"column":0},"end":{"line":14,"column":13}},"14":{"start":{"line":15,"column":0},"end":{"line":15,"column":21}},"15":{"start":{"line":16,"column":0},"end":{"line":16,"column":15}},"16":{"start":{"line":17,"column":0},"end":{"line":17,"column":20}},"17":{"start":{"line":18,"column":0},"end":{"line":18,"column":19}},"18":{"start":{"line":19,"column":0},"end":{"line":19,"column":7}},"19":{"start":{"line":20,"column":0},"end":{"line":20,"column":12}},"20":{"start":{"line":21,"column":0},"end":{"line":21,"column":109}},"21":{"start":{"line":22,"column":0},"end":{"line":22,"column":15}},"22":{"start":{"line":23,"column":0},"end":{"line":23,"column":81}},"23":{"start":{"line":24,"column":0},"end":{"line":24,"column":43}},"25":{"start":{"line":26,"column":0},"end":{"line":26,"column":26}},"26":{"start":{"line":27,"column":0},"end":{"line":27,"column":17}},"28":{"start":{"line":29,"column":0},"end":{"line":29,"column":48}},"29":{"start":{"line":30,"column":0},"end":{"line":30,"column":22}},"30":{"start":{"line":31,"column":0},"end":{"line":31,"column":34}},"31":{"start":{"line":32,"column":0},"end":{"line":32,"column":28}},"32":{"start":{"line":33,"column":0},"end":{"line":33,"column":38}},"33":{"start":{"line":34,"column":0},"end":{"line":34,"column":48}},"35":{"start":{"line":36,"column":0},"end":{"line":36,"column":64}},"37":{"start":{"line":38,"column":0},"end":{"line":38,"column":24}},"38":{"start":{"line":39,"column":0},"end":{"line":39,"column":18}},"40":{"start":{"line":41,"column":0},"end":{"line":41,"column":58}},"41":{"start":{"line":42,"column":0},"end":{"line":42,"column":27}},"42":{"start":{"line":43,"column":0},"end":{"line":43,"column":37}},"43":{"start":{"line":44,"column":0},"end":{"line":44,"column":55}},"44":{"start":{"line":45,"column":0},"end":{"line":45,"column":43}},"45":{"start":{"line":46,"column":0},"end":{"line":46,"column":53}},"46":{"start":{"line":47,"column":0},"end":{"line":47,"column":51}},"47":{"start":{"line":48,"column":0},"end":{"line":48,"column":18}},"48":{"start":{"line":49,"column":0},"end":{"line":49,"column":18}},"49":{"start":{"line":50,"column":0},"end":{"line":50,"column":14}},"51":{"start":{"line":52,"column":0},"end":{"line":52,"column":2}},"53":{"start":{"line":54,"column":0},"end":{"line":54,"column":25}}},"s":{"1":1,"10":1,"11":1,"12":1,"13":1,"14":1,"15":1,"16":1,"17":1,"18":1,"19":1,"20":1,"21":1,"22":1,"23":1,"25":1,"26":1,"28":1,"29":1,"30":1,"31":1,"32":1,"33":1,"35":1,"37":1,"38":1,"40":1,"41":1,"42":1,"43":1,"44":1,"45":1,"46":1,"47":1,"48":1,"49":1,"51":1,"53":1},"branchMap":{"0":{"type":"branch","line":11,"loc":{"start":{"line":11,"column":53},"end":{"line":52,"column":2}},"locations":[{"start":{"line":11,"column":53},"end":{"line":52,"column":2}}]}},"b":{"0":[1]},"fnMap":{"0":{"name":"AudioQuiz","decl":{"start":{"line":11,"column":53},"end":{"line":52,"column":2}},"loc":{"start":{"line":11,"column":53},"end":{"line":52,"column":2}},"line":11}},"f":{"0":1}}
,"/Users/serinuntius/src/github.com/noplan-inc/quiz-front-poc/src/components/quiz/ChoiceList.tsx": {"path":"/Users/serinuntius/src/github.com/noplan-inc/quiz-front-poc/src/components/quiz/ChoiceList.tsx","all":false,"statementMap":{"12":{"start":{"line":13,"column":0},"end":{"line":13,"column":48}},"13":{"start":{"line":14,"column":0},"end":{"line":14,"column":12}},"14":{"start":{"line":15,"column":0},"end":{"line":15,"column":21}},"15":{"start":{"line":16,"column":0},"end":{"line":16,"column":15}},"16":{"start":{"line":17,"column":0},"end":{"line":17,"column":20}},"17":{"start":{"line":18,"column":0},"end":{"line":18,"column":19}},"18":{"start":{"line":19,"column":0},"end":{"line":19,"column":7}},"19":{"start":{"line":20,"column":0},"end":{"line":20,"column":12}},"20":{"start":{"line":21,"column":0},"end":{"line":21,"column":40}},"21":{"start":{"line":22,"column":0},"end":{"line":22,"column":38}},"22":{"start":{"line":23,"column":0},"end":{"line":23,"column":55}},"24":{"start":{"line":25,"column":0},"end":{"line":25,"column":37}},"25":{"start":{"line":26,"column":0},"end":{"line":26,"column":43}},"26":{"start":{"line":27,"column":0},"end":{"line":27,"column":66}},"27":{"start":{"line":28,"column":0},"end":{"line":28,"column":52}},"28":{"start":{"line":29,"column":0},"end":{"line":29,"column":62}},"29":{"start":{"line":30,"column":0},"end":{"line":30,"column":60}},"30":{"start":{"line":31,"column":0},"end":{"line":31,"column":64}},"31":{"start":{"line":32,"column":0},"end":{"line":32,"column":17}},"33":{"start":{"line":34,"column":0},"end":{"line":34,"column":24}},"34":{"start":{"line":35,"column":0},"end":{"line":35,"column":27}},"35":{"start":{"line":36,"column":0},"end":{"line":36,"column":39}},"36":{"start":{"line":37,"column":0},"end":{"line":37,"column":79}},"37":{"start":{"line":38,"column":0},"end":{"line":38,"column":38}},"38":{"start":{"line":39,"column":0},"end":{"line":39,"column":50}},"39":{"start":{"line":40,"column":0},"end":{"line":40,"column":68}},"40":{"start":{"line":41,"column":0},"end":{"line":41,"column":42}},"41":{"start":{"line":42,"column":0},"end":{"line":42,"column":65}},"42":{"start":{"line":43,"column":0},"end":{"line":43,"column":45}},"43":{"start":{"line":44,"column":0},"end":{"line":44,"column":59}},"44":{"start":{"line":45,"column":0},"end":{"line":45,"column":50}},"45":{"start":{"line":46,"column":0},"end":{"line":46,"column":37}},"47":{"start":{"line":48,"column":0},"end":{"line":48,"column":37}},"48":{"start":{"line":49,"column":0},"end":{"line":49,"column":60}},"49":{"start":{"line":50,"column":0},"end":{"line":50,"column":74}},"51":{"start":{"line":52,"column":0},"end":{"line":52,"column":29}},"53":{"start":{"line":54,"column":0},"end":{"line":54,"column":15}},"54":{"start":{"line":55,"column":0},"end":{"line":55,"column":14}},"56":{"start":{"line":57,"column":0},"end":{"line":57,"column":2}},"58":{"start":{"line":59,"column":0},"end":{"line":59,"column":26}}},"s":{"12":1,"13":15,"14":15,"15":15,"16":15,"17":15,"18":15,"19":15,"20":15,"21":15,"22":30,"24":30,"25":30,"26":5,"27":30,"28":1,"29":25,"30":0,"31":0,"33":30,"34":30,"35":30,"36":30,"37":30,"38":12,"39":18,"40":30,"41":30,"42":30,"43":30,"44":30,"45":30,"47":30,"48":30,"49":6,"51":30,"53":15,"54":15,"56":15,"58":1},"branchMap":{"0":{"type":"branch","line":13,"loc":{"start":{"line":13,"column":46},"end":{"line":57,"column":2}},"locations":[{"start":{"line":13,"column":46},"end":{"line":57,"column":2}}]},"1":{"type":"branch","line":22,"loc":{"start":{"line":22,"column":25},"end":{"line":54,"column":13}},"locations":[{"start":{"line":22,"column":25},"end":{"line":54,"column":13}}]},"2":{"type":"branch","line":26,"loc":{"start":{"line":26,"column":42},"end":{"line":28,"column":27}},"locations":[{"start":{"line":26,"column":42},"end":{"line":28,"column":27}}]},"3":{"type":"branch","line":28,"loc":{"start":{"line":28,"column":16},"end":{"line":32,"column":17}},"locations":[{"start":{"line":28,"column":16},"end":{"line":32,"column":17}}]},"4":{"type":"branch","line":28,"loc":{"start":{"line":28,"column":51},"end":{"line":30,"column":27}},"locations":[{"start":{"line":28,"column":51},"end":{"line":30,"column":27}}]},"5":{"type":"branch","line":30,"loc":{"start":{"line":30,"column":16},"end":{"line":32,"column":17}},"locations":[{"start":{"line":30,"column":16},"end":{"line":32,"column":17}}]},"6":{"type":"branch","line":30,"loc":{"start":{"line":30,"column":59},"end":{"line":32,"column":17}},"locations":[{"start":{"line":30,"column":59},"end":{"line":32,"column":17}}]},"7":{"type":"branch","line":38,"loc":{"start":{"line":38,"column":28},"end":{"line":39,"column":50}},"locations":[{"start":{"line":38,"column":28},"end":{"line":39,"column":50}}]},"8":{"type":"branch","line":39,"loc":{"start":{"line":39,"column":34},"end":{"line":40,"column":68}},"locations":[{"start":{"line":39,"column":34},"end":{"line":40,"column":68}}]},"9":{"type":"branch","line":49,"loc":{"start":{"line":49,"column":25},"end":{"line":49,"column":60}},"locations":[{"start":{"line":49,"column":25},"end":{"line":49,"column":60}}]},"10":{"type":"branch","line":49,"loc":{"start":{"line":49,"column":46},"end":{"line":50,"column":74}},"locations":[{"start":{"line":49,"column":46},"end":{"line":50,"column":74}}]},"11":{"type":"branch","line":42,"loc":{"start":{"line":42,"column":33},"end":{"line":42,"column":65}},"locations":[{"start":{"line":42,"column":33},"end":{"line":42,"column":65}}]}},"b":{"0":[15],"1":[30],"2":[5],"3":[25],"4":[1],"5":[24],"6":[0],"7":[12],"8":[18],"9":[12],"10":[6],"11":[4]},"fnMap":{"0":{"name":"ChoiceList","decl":{"start":{"line":13,"column":46},"end":{"line":57,"column":2}},"loc":{"start":{"line":13,"column":46},"end":{"line":57,"column":2}},"line":13},"1":{"name":"onClick","decl":{"start":{"line":42,"column":33},"end":{"line":42,"column":65}},"loc":{"start":{"line":42,"column":33},"end":{"line":42,"column":65}},"line":42}},"f":{"0":15,"1":4}}
,"/Users/serinuntius/src/github.com/noplan-inc/quiz-front-poc/src/components/quiz/ImageQuiz.tsx": {"path":"/Users/serinuntius/src/github.com/noplan-inc/quiz-front-poc/src/components/quiz/ImageQuiz.tsx","all":false,"statementMap":{"1":{"start":{"line":2,"column":0},"end":{"line":2,"column":61}},"10":{"start":{"line":11,"column":0},"end":{"line":11,"column":55}},"11":{"start":{"line":12,"column":0},"end":{"line":12,"column":13}},"12":{"start":{"line":13,"column":0},"end":{"line":13,"column":12}},"13":{"start":{"line":14,"column":0},"end":{"line":14,"column":13}},"14":{"start":{"line":15,"column":0},"end":{"line":15,"column":23}},"15":{"start":{"line":16,"column":0},"end":{"line":16,"column":21}},"16":{"start":{"line":17,"column":0},"end":{"line":17,"column":15}},"17":{"start":{"line":18,"column":0},"end":{"line":18,"column":20}},"18":{"start":{"line":19,"column":0},"end":{"line":19,"column":19}},"19":{"start":{"line":20,"column":0},"end":{"line":20,"column":7}},"20":{"start":{"line":21,"column":0},"end":{"line":21,"column":12}},"21":{"start":{"line":22,"column":0},"end":{"line":22,"column":109}},"22":{"start":{"line":23,"column":0},"end":{"line":23,"column":15}},"23":{"start":{"line":24,"column":0},"end":{"line":24,"column":81}},"24":{"start":{"line":25,"column":0},"end":{"line":25,"column":43}},"26":{"start":{"line":27,"column":0},"end":{"line":27,"column":26}},"27":{"start":{"line":28,"column":0},"end":{"line":28,"column":17}},"29":{"start":{"line":30,"column":0},"end":{"line":30,"column":81}},"30":{"start":{"line":31,"column":0},"end":{"line":31,"column":20}},"31":{"start":{"line":32,"column":0},"end":{"line":32,"column":34}},"32":{"start":{"line":33,"column":0},"end":{"line":33,"column":34}},"33":{"start":{"line":34,"column":0},"end":{"line":34,"column":79}},"34":{"start":{"line":35,"column":0},"end":{"line":35,"column":48}},"35":{"start":{"line":36,"column":0},"end":{"line":36,"column":18}},"36":{"start":{"line":37,"column":0},"end":{"line":37,"column":18}},"38":{"start":{"line":39,"column":0},"end":{"line":39,"column":58}},"39":{"start":{"line":40,"column":0},"end":{"line":40,"column":27}},"40":{"start":{"line":41,"column":0},"end":{"line":41,"column":37}},"41":{"start":{"line":42,"column":0},"end":{"line":42,"column":55}},"42":{"start":{"line":43,"column":0},"end":{"line":43,"column":43}},"43":{"start":{"line":44,"column":0},"end":{"line":44,"column":53}},"44":{"start":{"line":45,"column":0},"end":{"line":45,"column":51}},"45":{"start":{"line":46,"column":0},"end":{"line":46,"column":18}},"46":{"start":{"line":47,"column":0},"end":{"line":47,"column":18}},"47":{"start":{"line":48,"column":0},"end":{"line":48,"column":14}},"49":{"start":{"line":50,"column":0},"end":{"line":50,"column":2}},"51":{"start":{"line":52,"column":0},"end":{"line":52,"column":25}}},"s":{"1":1,"10":1,"11":1,"12":1,"13":1,"14":1,"15":1,"16":1,"17":1,"18":1,"19":1,"20":1,"21":1,"22":1,"23":1,"24":1,"26":1,"27":1,"29":1,"30":1,"31":1,"32":1,"33":1,"34":1,"35":1,"36":1,"38":1,"39":1,"40":1,"41":1,"42":1,"43":1,"44":1,"45":1,"46":1,"47":1,"49":1,"51":1},"branchMap":{"0":{"type":"branch","line":11,"loc":{"start":{"line":11,"column":53},"end":{"line":50,"column":2}},"locations":[{"start":{"line":11,"column":53},"end":{"line":50,"column":2}}]}},"b":{"0":[1]},"fnMap":{"0":{"name":"ImageQuiz","decl":{"start":{"line":11,"column":53},"end":{"line":50,"column":2}},"loc":{"start":{"line":11,"column":53},"end":{"line":50,"column":2}},"line":11}},"f":{"0":1}}
,"/Users/serinuntius/src/github.com/noplan-inc/quiz-front-poc/src/components/quiz/QuizItem.tsx": {"path":"/Users/serinuntius/src/github.com/noplan-inc/quiz-front-poc/src/components/quiz/QuizItem.tsx","all":false,"statementMap":{"1":{"start":{"line":2,"column":0},"end":{"line":2,"column":33}},"2":{"start":{"line":3,"column":0},"end":{"line":3,"column":36}},"4":{"start":{"line":5,"column":0},"end":{"line":5,"column":36}},"5":{"start":{"line":6,"column":0},"end":{"line":6,"column":34}},"6":{"start":{"line":7,"column":0},"end":{"line":7,"column":36}},"11":{"start":{"line":12,"column":0},"end":{"line":12,"column":57}},"12":{"start":{"line":13,"column":0},"end":{"line":13,"column":76}},"13":{"start":{"line":14,"column":0},"end":{"line":14,"column":12}},"14":{"start":{"line":15,"column":0},"end":{"line":15,"column":6}},"15":{"start":{"line":16,"column":0},"end":{"line":16,"column":56}},"17":{"start":{"line":18,"column":0},"end":{"line":18,"column":57}},"18":{"start":{"line":19,"column":0},"end":{"line":19,"column":31}},"20":{"start":{"line":21,"column":0},"end":{"line":21,"column":38}},"21":{"start":{"line":22,"column":0},"end":{"line":22,"column":28}},"22":{"start":{"line":23,"column":0},"end":{"line":23,"column":33}},"23":{"start":{"line":24,"column":0},"end":{"line":24,"column":6}},"26":{"start":{"line":27,"column":0},"end":{"line":27,"column":63}},"27":{"start":{"line":28,"column":0},"end":{"line":28,"column":42}},"28":{"start":{"line":29,"column":0},"end":{"line":29,"column":47}},"29":{"start":{"line":30,"column":0},"end":{"line":30,"column":64}},"30":{"start":{"line":31,"column":0},"end":{"line":31,"column":31}},"31":{"start":{"line":32,"column":0},"end":{"line":32,"column":25}},"32":{"start":{"line":33,"column":0},"end":{"line":33,"column":6}},"35":{"start":{"line":36,"column":0},"end":{"line":36,"column":25}},"36":{"start":{"line":37,"column":0},"end":{"line":37,"column":25}},"37":{"start":{"line":38,"column":0},"end":{"line":38,"column":19}},"38":{"start":{"line":39,"column":0},"end":{"line":39,"column":24}},"39":{"start":{"line":40,"column":0},"end":{"line":40,"column":46}},"40":{"start":{"line":41,"column":0},"end":{"line":41,"column":6}},"43":{"start":{"line":44,"column":0},"end":{"line":44,"column":25}},"44":{"start":{"line":45,"column":0},"end":{"line":45,"column":20}},"45":{"start":{"line":46,"column":0},"end":{"line":46,"column":60}},"46":{"start":{"line":47,"column":0},"end":{"line":47,"column":21}},"47":{"start":{"line":48,"column":0},"end":{"line":48,"column":61}},"48":{"start":{"line":49,"column":0},"end":{"line":49,"column":21}},"49":{"start":{"line":50,"column":0},"end":{"line":50,"column":61}},"50":{"start":{"line":51,"column":0},"end":{"line":51,"column":21}},"51":{"start":{"line":52,"column":0},"end":{"line":52,"column":61}},"52":{"start":{"line":53,"column":0},"end":{"line":53,"column":16}},"53":{"start":{"line":54,"column":0},"end":{"line":54,"column":24}},"54":{"start":{"line":55,"column":0},"end":{"line":55,"column":5}},"55":{"start":{"line":56,"column":0},"end":{"line":56,"column":2}}},"s":{"1":1,"2":1,"4":1,"5":1,"6":1,"11":1,"12":10,"13":10,"14":10,"15":10,"17":10,"18":3,"20":3,"21":3,"22":3,"23":3,"26":10,"27":20,"28":14,"29":14,"30":20,"31":3,"32":20,"35":10,"36":10,"37":10,"38":10,"39":10,"40":10,"43":10,"44":10,"45":7,"46":10,"47":1,"48":10,"49":1,"50":10,"51":1,"52":10,"53":0,"54":10,"55":10},"branchMap":{"0":{"type":"branch","line":12,"loc":{"start":{"line":12,"column":45},"end":{"line":56,"column":2}},"locations":[{"start":{"line":12,"column":45},"end":{"line":56,"column":2}}]},"1":{"type":"branch","line":45,"loc":{"start":{"line":45,"column":8},"end":{"line":46,"column":60}},"locations":[{"start":{"line":45,"column":8},"end":{"line":46,"column":60}}]},"2":{"type":"branch","line":47,"loc":{"start":{"line":47,"column":8},"end":{"line":48,"column":61}},"locations":[{"start":{"line":47,"column":8},"end":{"line":48,"column":61}}]},"3":{"type":"branch","line":49,"loc":{"start":{"line":49,"column":8},"end":{"line":50,"column":61}},"locations":[{"start":{"line":49,"column":8},"end":{"line":50,"column":61}}]},"4":{"type":"branch","line":51,"loc":{"start":{"line":51,"column":8},"end":{"line":52,"column":61}},"locations":[{"start":{"line":51,"column":8},"end":{"line":52,"column":61}}]},"5":{"type":"branch","line":53,"loc":{"start":{"line":53,"column":8},"end":{"line":54,"column":24}},"locations":[{"start":{"line":53,"column":8},"end":{"line":54,"column":24}}]},"6":{"type":"branch","line":18,"loc":{"start":{"line":18,"column":34},"end":{"line":24,"column":6}},"locations":[{"start":{"line":18,"column":34},"end":{"line":24,"column":6}}]},"7":{"type":"branch","line":19,"loc":{"start":{"line":19,"column":24},"end":{"line":19,"column":31}},"locations":[{"start":{"line":19,"column":24},"end":{"line":19,"column":31}}]},"8":{"type":"branch","line":27,"loc":{"start":{"line":27,"column":28},"end":{"line":33,"column":6}},"locations":[{"start":{"line":27,"column":28},"end":{"line":33,"column":6}}]},"9":{"type":"branch","line":28,"loc":{"start":{"line":28,"column":25},"end":{"line":30,"column":64}},"locations":[{"start":{"line":28,"column":25},"end":{"line":30,"column":64}}]},"10":{"type":"branch","line":28,"loc":{"start":{"line":28,"column":32},"end":{"line":29,"column":37}},"locations":[{"start":{"line":28,"column":32},"end":{"line":29,"column":37}}]},"11":{"type":"branch","line":29,"loc":{"start":{"line":29,"column":30},"end":{"line":30,"column":46}},"locations":[{"start":{"line":29,"column":30},"end":{"line":30,"column":46}}]},"12":{"type":"branch","line":30,"loc":{"start":{"line":30,"column":26},"end":{"line":30,"column":64}},"locations":[{"start":{"line":30,"column":26},"end":{"line":30,"column":64}}]},"13":{"type":"branch","line":31,"loc":{"start":{"line":31,"column":12},"end":{"line":32,"column":25}},"locations":[{"start":{"line":31,"column":12},"end":{"line":32,"column":25}}]},"14":{"type":"branch","line":31,"loc":{"start":{"line":31,"column":12},"end":{"line":31,"column":31}},"locations":[{"start":{"line":31,"column":12},"end":{"line":31,"column":31}}]},"15":{"type":"branch","line":31,"loc":{"start":{"line":31,"column":19},"end":{"line":32,"column":25}},"locations":[{"start":{"line":31,"column":19},"end":{"line":32,"column":25}}]}},"b":{"0":[10],"1":[7],"2":[1],"3":[1],"4":[1],"5":[0],"6":[3],"7":[0],"8":[20],"9":[14],"10":[6],"11":[3],"12":[0],"13":[14],"14":[0],"15":[3]},"fnMap":{"0":{"name":"QuizItem","decl":{"start":{"line":12,"column":45},"end":{"line":56,"column":2}},"loc":{"start":{"line":12,"column":45},"end":{"line":56,"column":2}},"line":12},"1":{"name":"handleAnswerSelection","decl":{"start":{"line":18,"column":34},"end":{"line":24,"column":6}},"loc":{"start":{"line":18,"column":34},"end":{"line":24,"column":6}},"line":18},"2":{"name":"getChoiceStatus","decl":{"start":{"line":27,"column":28},"end":{"line":33,"column":6}},"loc":{"start":{"line":27,"column":28},"end":{"line":33,"column":6}},"line":27}},"f":{"0":10,"1":3,"2":20}}
,"/Users/serinuntius/src/github.com/noplan-inc/quiz-front-poc/src/components/quiz/TextQuiz.tsx": {"path":"/Users/serinuntius/src/github.com/noplan-inc/quiz-front-poc/src/components/quiz/TextQuiz.tsx","all":false,"statementMap":{"1":{"start":{"line":2,"column":0},"end":{"line":2,"column":61}},"10":{"start":{"line":11,"column":0},"end":{"line":11,"column":53}},"11":{"start":{"line":12,"column":0},"end":{"line":12,"column":13}},"12":{"start":{"line":13,"column":0},"end":{"line":13,"column":12}},"13":{"start":{"line":14,"column":0},"end":{"line":14,"column":21}},"14":{"start":{"line":15,"column":0},"end":{"line":15,"column":15}},"15":{"start":{"line":16,"column":0},"end":{"line":16,"column":20}},"16":{"start":{"line":17,"column":0},"end":{"line":17,"column":19}},"17":{"start":{"line":18,"column":0},"end":{"line":18,"column":7}},"18":{"start":{"line":19,"column":0},"end":{"line":19,"column":12}},"19":{"start":{"line":20,"column":0},"end":{"line":20,"column":109}},"20":{"start":{"line":21,"column":0},"end":{"line":21,"column":15}},"21":{"start":{"line":22,"column":0},"end":{"line":22,"column":81}},"22":{"start":{"line":23,"column":0},"end":{"line":23,"column":43}},"24":{"start":{"line":25,"column":0},"end":{"line":25,"column":26}},"25":{"start":{"line":26,"column":0},"end":{"line":26,"column":17}},"27":{"start":{"line":28,"column":0},"end":{"line":28,"column":58}},"28":{"start":{"line":29,"column":0},"end":{"line":29,"column":27}},"29":{"start":{"line":30,"column":0},"end":{"line":30,"column":37}},"30":{"start":{"line":31,"column":0},"end":{"line":31,"column":55}},"31":{"start":{"line":32,"column":0},"end":{"line":32,"column":43}},"32":{"start":{"line":33,"column":0},"end":{"line":33,"column":53}},"33":{"start":{"line":34,"column":0},"end":{"line":34,"column":51}},"34":{"start":{"line":35,"column":0},"end":{"line":35,"column":18}},"35":{"start":{"line":36,"column":0},"end":{"line":36,"column":18}},"36":{"start":{"line":37,"column":0},"end":{"line":37,"column":14}},"38":{"start":{"line":39,"column":0},"end":{"line":39,"column":2}},"40":{"start":{"line":41,"column":0},"end":{"line":41,"column":24}}},"s":{"1":1,"10":1,"11":7,"12":7,"13":7,"14":7,"15":7,"16":7,"17":7,"18":7,"19":7,"20":7,"21":7,"22":7,"24":7,"25":7,"27":7,"28":7,"29":7,"30":7,"31":7,"32":7,"33":7,"34":7,"35":7,"36":7,"38":7,"40":1},"branchMap":{"0":{"type":"branch","line":11,"loc":{"start":{"line":11,"column":51},"end":{"line":39,"column":2}},"locations":[{"start":{"line":11,"column":51},"end":{"line":39,"column":2}}]}},"b":{"0":[7]},"fnMap":{"0":{"name":"TextQuiz","decl":{"start":{"line":11,"column":51},"end":{"line":39,"column":2}},"loc":{"start":{"line":11,"column":51},"end":{"line":39,"column":2}},"line":11}},"f":{"0":7}}
,"/Users/serinuntius/src/github.com/noplan-inc/quiz-front-poc/src/components/quiz/VideoQuiz.tsx": {"path":"/Users/serinuntius/src/github.com/noplan-inc/quiz-front-poc/src/components/quiz/VideoQuiz.tsx","all":false,"statementMap":{"1":{"start":{"line":2,"column":0},"end":{"line":2,"column":61}},"10":{"start":{"line":11,"column":0},"end":{"line":11,"column":55}},"11":{"start":{"line":12,"column":0},"end":{"line":12,"column":13}},"12":{"start":{"line":13,"column":0},"end":{"line":13,"column":12}},"13":{"start":{"line":14,"column":0},"end":{"line":14,"column":13}},"14":{"start":{"line":15,"column":0},"end":{"line":15,"column":11}},"15":{"start":{"line":16,"column":0},"end":{"line":16,"column":21}},"16":{"start":{"line":17,"column":0},"end":{"line":17,"column":15}},"17":{"start":{"line":18,"column":0},"end":{"line":18,"column":20}},"18":{"start":{"line":19,"column":0},"end":{"line":19,"column":19}},"19":{"start":{"line":20,"column":0},"end":{"line":20,"column":7}},"20":{"start":{"line":21,"column":0},"end":{"line":21,"column":12}},"21":{"start":{"line":22,"column":0},"end":{"line":22,"column":109}},"22":{"start":{"line":23,"column":0},"end":{"line":23,"column":15}},"23":{"start":{"line":24,"column":0},"end":{"line":24,"column":81}},"24":{"start":{"line":25,"column":0},"end":{"line":25,"column":43}},"26":{"start":{"line":27,"column":0},"end":{"line":27,"column":26}},"27":{"start":{"line":28,"column":0},"end":{"line":28,"column":17}},"29":{"start":{"line":30,"column":0},"end":{"line":30,"column":81}},"30":{"start":{"line":31,"column":0},"end":{"line":31,"column":22}},"31":{"start":{"line":32,"column":0},"end":{"line":32,"column":34}},"32":{"start":{"line":33,"column":0},"end":{"line":33,"column":35}},"33":{"start":{"line":34,"column":0},"end":{"line":34,"column":28}},"34":{"start":{"line":35,"column":0},"end":{"line":35,"column":79}},"35":{"start":{"line":36,"column":0},"end":{"line":36,"column":48}},"37":{"start":{"line":38,"column":0},"end":{"line":38,"column":64}},"39":{"start":{"line":40,"column":0},"end":{"line":40,"column":24}},"40":{"start":{"line":41,"column":0},"end":{"line":41,"column":18}},"42":{"start":{"line":43,"column":0},"end":{"line":43,"column":58}},"43":{"start":{"line":44,"column":0},"end":{"line":44,"column":27}},"44":{"start":{"line":45,"column":0},"end":{"line":45,"column":37}},"45":{"start":{"line":46,"column":0},"end":{"line":46,"column":55}},"46":{"start":{"line":47,"column":0},"end":{"line":47,"column":43}},"47":{"start":{"line":48,"column":0},"end":{"line":48,"column":53}},"48":{"start":{"line":49,"column":0},"end":{"line":49,"column":51}},"49":{"start":{"line":50,"column":0},"end":{"line":50,"column":18}},"50":{"start":{"line":51,"column":0},"end":{"line":51,"column":18}},"51":{"start":{"line":52,"column":0},"end":{"line":52,"column":14}},"53":{"start":{"line":54,"column":0},"end":{"line":54,"column":2}},"55":{"start":{"line":56,"column":0},"end":{"line":56,"column":25}}},"s":{"1":1,"10":1,"11":1,"12":1,"13":1,"14":1,"15":1,"16":1,"17":1,"18":1,"19":1,"20":1,"21":1,"22":1,"23":1,"24":1,"26":1,"27":1,"29":1,"30":1,"31":1,"32":1,"33":1,"34":1,"35":1,"37":1,"39":1,"40":1,"42":1,"43":1,"44":1,"45":1,"46":1,"47":1,"48":1,"49":1,"50":1,"51":1,"53":1,"55":1},"branchMap":{"0":{"type":"branch","line":11,"loc":{"start":{"line":11,"column":53},"end":{"line":54,"column":2}},"locations":[{"start":{"line":11,"column":53},"end":{"line":54,"column":2}}]}},"b":{"0":[1]},"fnMap":{"0":{"name":"VideoQuiz","decl":{"start":{"line":11,"column":53},"end":{"line":54,"column":2}},"loc":{"start":{"line":11,"column":53},"end":{"line":54,"column":2}},"line":11}},"f":{"0":1}}
,"/Users/serinuntius/src/github.com/noplan-inc/quiz-front-poc/src/components/quiz/index.ts": {"path":"/Users/serinuntius/src/github.com/noplan-inc/quiz-front-poc/src/components/quiz/index.ts","all":true,"statementMap":{"0":{"start":{"line":1,"column":0},"end":{"line":1,"column":36}},"1":{"start":{"line":2,"column":0},"end":{"line":2,"column":36}},"2":{"start":{"line":3,"column":0},"end":{"line":3,"column":38}},"3":{"start":{"line":4,"column":0},"end":{"line":4,"column":34}},"4":{"start":{"line":5,"column":0},"end":{"line":5,"column":36}}},"s":{"0":0,"1":0,"2":0,"3":0,"4":0},"branchMap":{"0":{"type":"branch","line":1,"loc":{"start":{"line":1,"column":0},"end":{"line":7,"column":-113}},"locations":[{"start":{"line":1,"column":0},"end":{"line":7,"column":-113}}]}},"b":{"0":[0]},"fnMap":{"0":{"name":"(empty-report)","decl":{"start":{"line":1,"column":0},"end":{"line":7,"column":-113}},"loc":{"start":{"line":1,"column":0},"end":{"line":7,"column":-113}},"line":1}},"f":{"0":0}}
,"/Users/serinuntius/src/github.com/noplan-inc/quiz-front-poc/src/data/sampleQuizData.ts": {"path":"/Users/serinuntius/src/github.com/noplan-inc/quiz-front-poc/src/data/sampleQuizData.ts","all":true,"statementMap":{"2":{"start":{"line":3,"column":0},"end":{"line":3,"column":43}},"3":{"start":{"line":4,"column":0},"end":{"line":4,"column":3}},"4":{"start":{"line":5,"column":0},"end":{"line":5,"column":12}},"5":{"start":{"line":6,"column":0},"end":{"line":6,"column":17}},"6":{"start":{"line":7,"column":0},"end":{"line":7,"column":39}},"7":{"start":{"line":8,"column":0},"end":{"line":8,"column":14}},"8":{"start":{"line":9,"column":0},"end":{"line":9,"column":55}},"9":{"start":{"line":10,"column":0},"end":{"line":10,"column":58}},"10":{"start":{"line":11,"column":0},"end":{"line":11,"column":6}},"11":{"start":{"line":12,"column":0},"end":{"line":12,"column":23}},"12":{"start":{"line":13,"column":0},"end":{"line":13,"column":4}},"13":{"start":{"line":14,"column":0},"end":{"line":14,"column":3}},"14":{"start":{"line":15,"column":0},"end":{"line":15,"column":12}},"15":{"start":{"line":16,"column":0},"end":{"line":16,"column":18}},"16":{"start":{"line":17,"column":0},"end":{"line":17,"column":33}},"17":{"start":{"line":18,"column":0},"end":{"line":18,"column":54}},"18":{"start":{"line":19,"column":0},"end":{"line":19,"column":22}},"19":{"start":{"line":20,"column":0},"end":{"line":20,"column":14}},"20":{"start":{"line":21,"column":0},"end":{"line":21,"column":48}},"21":{"start":{"line":22,"column":0},"end":{"line":22,"column":47}},"22":{"start":{"line":23,"column":0},"end":{"line":23,"column":6}},"23":{"start":{"line":24,"column":0},"end":{"line":24,"column":23}},"24":{"start":{"line":25,"column":0},"end":{"line":25,"column":4}},"25":{"start":{"line":26,"column":0},"end":{"line":26,"column":3}},"26":{"start":{"line":27,"column":0},"end":{"line":27,"column":12}},"27":{"start":{"line":28,"column":0},"end":{"line":28,"column":18}},"28":{"start":{"line":29,"column":0},"end":{"line":29,"column":38}},"29":{"start":{"line":30,"column":0},"end":{"line":30,"column":59}},"30":{"start":{"line":31,"column":0},"end":{"line":31,"column":72}},"31":{"start":{"line":32,"column":0},"end":{"line":32,"column":14}},"32":{"start":{"line":33,"column":0},"end":{"line":33,"column":55}},"33":{"start":{"line":34,"column":0},"end":{"line":34,"column":50}},"34":{"start":{"line":35,"column":0},"end":{"line":35,"column":6}},"35":{"start":{"line":36,"column":0},"end":{"line":36,"column":23}},"36":{"start":{"line":37,"column":0},"end":{"line":37,"column":4}},"37":{"start":{"line":38,"column":0},"end":{"line":38,"column":3}},"38":{"start":{"line":39,"column":0},"end":{"line":39,"column":12}},"39":{"start":{"line":40,"column":0},"end":{"line":40,"column":18}},"40":{"start":{"line":41,"column":0},"end":{"line":41,"column":34}},"41":{"start":{"line":42,"column":0},"end":{"line":42,"column":57}},"42":{"start":{"line":43,"column":0},"end":{"line":43,"column":14}},"43":{"start":{"line":44,"column":0},"end":{"line":44,"column":49}},"44":{"start":{"line":45,"column":0},"end":{"line":45,"column":48}},"45":{"start":{"line":46,"column":0},"end":{"line":46,"column":6}},"46":{"start":{"line":47,"column":0},"end":{"line":47,"column":23}},"47":{"start":{"line":48,"column":0},"end":{"line":48,"column":4}},"48":{"start":{"line":49,"column":0},"end":{"line":49,"column":2}}},"s":{"2":0,"3":0,"4":0,"5":0,"6":0,"7":0,"8":0,"9":0,"10":0,"11":0,"12":0,"13":0,"14":0,"15":0,"16":0,"17":0,"18":0,"19":0,"20":0,"21":0,"22":0,"23":0,"24":0,"25":0,"26":0,"27":0,"28":0,"29":0,"30":0,"31":0,"32":0,"33":0,"34":0,"35":0,"36":0,"37":0,"38":0,"39":0,"40":0,"41":0,"42":0,"43":0,"44":0,"45":0,"46":0,"47":0,"48":0},"branchMap":{"0":{"type":"branch","line":1,"loc":{"start":{"line":1,"column":1276},"end":{"line":49,"column":2}},"locations":[{"start":{"line":1,"column":1276},"end":{"line":49,"column":2}}]}},"b":{"0":[1]},"fnMap":{"0":{"name":"(empty-report)","decl":{"start":{"line":1,"column":1276},"end":{"line":49,"column":2}},"loc":{"start":{"line":1,"column":1276},"end":{"line":49,"column":2}},"line":1}},"f":{"0":1}}
,"/Users/serinuntius/src/github.com/noplan-inc/quiz-front-poc/src/lib/utils.ts": {"path":"/Users/serinuntius/src/github.com/noplan-inc/quiz-front-poc/src/lib/utils.ts","all":true,"statementMap":{"0":{"start":{"line":1,"column":0},"end":{"line":1,"column":45}},"1":{"start":{"line":2,"column":0},"end":{"line":2,"column":41}},"3":{"start":{"line":4,"column":0},"end":{"line":4,"column":45}},"4":{"start":{"line":5,"column":0},"end":{"line":5,"column":31}},"5":{"start":{"line":6,"column":0},"end":{"line":6,"column":1}}},"s":{"0":0,"1":0,"3":0,"4":0,"5":0},"branchMap":{"0":{"type":"branch","line":1,"loc":{"start":{"line":1,"column":0},"end":{"line":6,"column":-80}},"locations":[{"start":{"line":1,"column":0},"end":{"line":6,"column":-80}}]}},"b":{"0":[0]},"fnMap":{"0":{"name":"(empty-report)","decl":{"start":{"line":1,"column":0},"end":{"line":6,"column":-80}},"loc":{"start":{"line":1,"column":0},"end":{"line":6,"column":-80}},"line":1}},"f":{"0":0}}
,"/Users/serinuntius/src/github.com/noplan-inc/quiz-front-poc/src/types/quiz.ts": {"path":"/Users/serinuntius/src/github.com/noplan-inc/quiz-front-poc/src/types/quiz.ts","all":true,"statementMap":{},"s":{},"branchMap":{"0":{"type":"branch","line":1,"loc":{"start":{"line":1,"column":846},"end":{"line":56,"column":89}},"locations":[{"start":{"line":1,"column":846},"end":{"line":56,"column":89}}]}},"b":{"0":[1]},"fnMap":{"0":{"name":"(empty-report)","decl":{"start":{"line":1,"column":846},"end":{"line":56,"column":89}},"loc":{"start":{"line":1,"column":846},"end":{"line":56,"column":89}},"line":1}},"f":{"0":1}}
}
